09-May-2020 08:06:50.841 INFO [main] org.apache.catalina.startup.VersionLoggerListener.log Server version name:   Apache Tomcat/9.0.34
09-May-2020 08:06:50.844 INFO [main] org.apache.catalina.startup.VersionLoggerListener.log Server built:          Apr 3 2020 12:02:52 UTC
09-May-2020 08:06:50.844 INFO [main] org.apache.catalina.startup.VersionLoggerListener.log Server version number: 9.0.34.0
09-May-2020 08:06:50.844 INFO [main] org.apache.catalina.startup.VersionLoggerListener.log OS Name:               Windows 10
09-May-2020 08:06:50.844 INFO [main] org.apache.catalina.startup.VersionLoggerListener.log OS Version:            10.0
09-May-2020 08:06:50.844 INFO [main] org.apache.catalina.startup.VersionLoggerListener.log Architecture:          amd64
09-May-2020 08:06:50.845 INFO [main] org.apache.catalina.startup.VersionLoggerListener.log Java Home:             C:\vnetcon\dev-env\jdk8u242-b08\jre
09-May-2020 08:06:50.845 INFO [main] org.apache.catalina.startup.VersionLoggerListener.log JVM Version:           1.8.0_242-b08
09-May-2020 08:06:50.845 INFO [main] org.apache.catalina.startup.VersionLoggerListener.log JVM Vendor:            
09-May-2020 08:06:50.845 INFO [main] org.apache.catalina.startup.VersionLoggerListener.log CATALINA_BASE:         C:\opt\vnetcon\app\apache-tomcat-9.0.34
09-May-2020 08:06:50.845 INFO [main] org.apache.catalina.startup.VersionLoggerListener.log CATALINA_HOME:         C:\opt\vnetcon\app\apache-tomcat-9.0.34
09-May-2020 08:06:50.848 INFO [main] org.apache.catalina.startup.VersionLoggerListener.log Command line argument: -Djava.util.logging.config.file=C:\opt\vnetcon\app\apache-tomcat-9.0.34\conf\logging.properties
09-May-2020 08:06:50.848 INFO [main] org.apache.catalina.startup.VersionLoggerListener.log Command line argument: -Djava.util.logging.manager=org.apache.juli.ClassLoaderLogManager
09-May-2020 08:06:50.848 INFO [main] org.apache.catalina.startup.VersionLoggerListener.log Command line argument: -Djdk.tls.ephemeralDHKeySize=2048
09-May-2020 08:06:50.848 INFO [main] org.apache.catalina.startup.VersionLoggerListener.log Command line argument: -Djava.protocol.handler.pkgs=org.apache.catalina.webresources
09-May-2020 08:06:50.848 INFO [main] org.apache.catalina.startup.VersionLoggerListener.log Command line argument: -Dignore.endorsed.dirs=
09-May-2020 08:06:50.848 INFO [main] org.apache.catalina.startup.VersionLoggerListener.log Command line argument: -Dcatalina.base=C:\opt\vnetcon\app\apache-tomcat-9.0.34
09-May-2020 08:06:50.848 INFO [main] org.apache.catalina.startup.VersionLoggerListener.log Command line argument: -Dcatalina.home=C:\opt\vnetcon\app\apache-tomcat-9.0.34
09-May-2020 08:06:50.849 INFO [main] org.apache.catalina.startup.VersionLoggerListener.log Command line argument: -Djava.io.tmpdir=C:\opt\vnetcon\app\apache-tomcat-9.0.34\temp
09-May-2020 08:06:50.850 INFO [main] org.apache.catalina.core.AprLifecycleListener.lifecycleEvent The APR based Apache Tomcat Native library which allows optimal performance in production environments was not found on the java.library.path: [C:\vnetcon\dev-env\jdk8u242-b08\bin;C:\WINDOWS\Sun\Java\bin;C:\WINDOWS\system32;C:\WINDOWS;C:\vnetcon\dev-env\jdk8u242-b08\bin;C:\Program Files\AdoptOpenJDK\jdk-8.0.242.08-hotspot\bin;C:\miki\oracle\WINDOWS.X64_193000_db_home\bin;C:\Program Files (x86)\Common Files\Oracle\Java\javapath;C:\Windows\system32;C:\Windows;C:\Windows\System32\Wbem;C:\Windows\System32\WindowsPowerShell\v1.0\;C:\Windows\System32\OpenSSH\;C:\Program Files (x86)\NVIDIA Corporation\PhysX\Common;C:\Program Files\NVIDIA Corporation\NVIDIA NvDLISR;C:\Program Files\Intel\WiFi\bin\;C:\Program Files\Common Files\Intel\WirelessCommon\;C:\Program Files\dotnet\;C:\Program Files\Microsoft SQL Server\130\Tools\Binn\;C:\Program Files\Microsoft SQL Server\Client SDK\ODBC\170\Tools\Binn\;C:\Program Files\PuTTY\;C:\WINDOWS\system32;C:\WINDOWS;C:\WINDOWS\System32\Wbem;C:\WINDOWS\System32\WindowsPowerShell\v1.0\;C:\WINDOWS\System32\OpenSSH\;C:\Program Files (x86)\Microsoft SQL Server\150\Tools\Binn\;C:\Program Files\Microsoft SQL Server\150\Tools\Binn\;C:\Program Files\Microsoft SQL Server\150\DTS\Binn\;C:\Program Files (x86)\Microsoft SQL Server\150\DTS\Binn\;C:\HashiCorp\Vagrant\bin;C:\Program Files\Git\cmd;C:\Users\35840\AppData\Local\Microsoft\WindowsApps;C:\Users\35840\.dotnet\tools;C:\Users\35840\AppData\Local\Microsoft\WindowsApps;;C:\Users\35840\AppData\Local\Programs\Microsoft VS Code\bin;.]
09-May-2020 08:06:51.064 INFO [main] org.apache.coyote.AbstractProtocol.init Initializing ProtocolHandler ["http-nio-8080"]
09-May-2020 08:06:51.503 INFO [main] org.apache.catalina.startup.Catalina.load Server initialization in [871] milliseconds
09-May-2020 08:06:51.533 INFO [main] org.apache.catalina.core.StandardService.startInternal Starting service [Catalina]
09-May-2020 08:06:51.533 INFO [main] org.apache.catalina.core.StandardEngine.startInternal Starting Servlet engine: [Apache Tomcat/9.0.34]
09-May-2020 08:06:51.554 INFO [main] org.apache.catalina.startup.HostConfig.deployWAR Deploying web application archive [C:\opt\vnetcon\app\apache-tomcat-9.0.34\webapps\jdbc-rest.war]
09-May-2020 08:06:57.708 INFO [main] org.apache.jasper.servlet.TldScanner.scanJars At least one JAR was scanned for TLDs yet contained no TLDs. Enable debug logging for this logger for a complete list of JARs that were scanned but no TLDs were found in them. Skipping unneeded JARs during scanning can improve startup time and JSP compilation time.
09-May-2020 08:06:57.758 INFO [main] org.apache.catalina.startup.HostConfig.deployWAR Deployment of web application archive [C:\opt\vnetcon\app\apache-tomcat-9.0.34\webapps\jdbc-rest.war] has finished in [6,204] ms
09-May-2020 08:06:57.767 INFO [main] org.apache.catalina.startup.HostConfig.deployDirectory Deploying web application directory [C:\opt\vnetcon\app\apache-tomcat-9.0.34\webapps\ROOT]
09-May-2020 08:06:57.801 INFO [main] org.apache.catalina.startup.HostConfig.deployDirectory Deployment of web application directory [C:\opt\vnetcon\app\apache-tomcat-9.0.34\webapps\ROOT] has finished in [34] ms
09-May-2020 08:06:57.807 INFO [main] org.apache.coyote.AbstractProtocol.start Starting ProtocolHandler ["http-nio-8080"]
09-May-2020 08:06:57.821 INFO [main] org.apache.catalina.startup.Catalina.start Server startup in [6,316] milliseconds
09-May-2020 08:08:17.898 INFO [Catalina-utility-2] org.apache.catalina.startup.HostConfig.undeploy Undeploying context [/jdbc-rest]
09-May-2020 08:08:17.913 WARNING [Catalina-utility-2] org.apache.catalina.loader.WebappClassLoaderBase.clearReferencesJdbc The web application [jdbc-rest] registered the JDBC driver [com.vnetcon.jdbc.rest.RestDriver] but failed to unregister it when the web application was stopped. To prevent a memory leak, the JDBC Driver has been forcibly unregistered.
09-May-2020 08:08:17.916 WARNING [Catalina-utility-2] org.apache.catalina.loader.WebappClassLoaderBase.clearReferencesJdbc The web application [jdbc-rest] registered the JDBC driver [org.postgresql.Driver] but failed to unregister it when the web application was stopped. To prevent a memory leak, the JDBC Driver has been forcibly unregistered.
09-May-2020 08:08:17.955 SEVERE [Catalina-utility-2] org.apache.catalina.startup.ExpandWar.deleteDir [C:\opt\vnetcon\app\apache-tomcat-9.0.34\webapps\jdbc-rest\rest\default\v1] could not be completely deleted. The presence of the remaining files may cause problems
09-May-2020 08:08:17.956 SEVERE [Catalina-utility-2] org.apache.catalina.startup.ExpandWar.deleteDir [C:\opt\vnetcon\app\apache-tomcat-9.0.34\webapps\jdbc-rest\rest\default] could not be completely deleted. The presence of the remaining files may cause problems
09-May-2020 08:08:17.958 SEVERE [Catalina-utility-2] org.apache.catalina.startup.ExpandWar.deleteDir [C:\opt\vnetcon\app\apache-tomcat-9.0.34\webapps\jdbc-rest\rest] could not be completely deleted. The presence of the remaining files may cause problems
09-May-2020 08:08:17.994 SEVERE [Catalina-utility-2] org.apache.catalina.startup.ExpandWar.deleteDir [C:\opt\vnetcon\app\apache-tomcat-9.0.34\webapps\jdbc-rest] could not be completely deleted. The presence of the remaining files may cause problems
09-May-2020 08:08:17.996 SEVERE [Catalina-utility-2] org.apache.catalina.startup.ExpandWar.delete [C:\opt\vnetcon\app\apache-tomcat-9.0.34\webapps\jdbc-rest] could not be completely deleted. The presence of the remaining files may cause problems
09-May-2020 08:08:18.004 INFO [Catalina-utility-2] org.apache.catalina.startup.HostConfig.deployWAR Deploying web application archive [C:\opt\vnetcon\app\apache-tomcat-9.0.34\webapps\jdbc-rest.war]
09-May-2020 08:08:18.060 INFO [Catalina-utility-2] org.apache.catalina.startup.HostConfig.deployWAR Deployment of web application archive [C:\opt\vnetcon\app\apache-tomcat-9.0.34\webapps\jdbc-rest.war] has finished in [56] ms
09-May-2020 08:08:52.332 INFO [Thread-4] org.apache.coyote.AbstractProtocol.pause Pausing ProtocolHandler ["http-nio-8080"]
09-May-2020 08:08:52.666 INFO [Thread-4] org.apache.catalina.core.StandardService.stopInternal Stopping service [Catalina]
09-May-2020 08:08:52.678 INFO [Thread-4] org.apache.coyote.AbstractProtocol.stop Stopping ProtocolHandler ["http-nio-8080"]
09-May-2020 08:08:52.682 INFO [Thread-4] org.apache.coyote.AbstractProtocol.destroy Destroying ProtocolHandler ["http-nio-8080"]
09-May-2020 08:10:08.461 INFO [main] org.apache.catalina.startup.VersionLoggerListener.log Server version name:   Apache Tomcat/9.0.34
09-May-2020 08:10:08.463 INFO [main] org.apache.catalina.startup.VersionLoggerListener.log Server built:          Apr 3 2020 12:02:52 UTC
09-May-2020 08:10:08.463 INFO [main] org.apache.catalina.startup.VersionLoggerListener.log Server version number: 9.0.34.0
09-May-2020 08:10:08.464 INFO [main] org.apache.catalina.startup.VersionLoggerListener.log OS Name:               Windows 10
09-May-2020 08:10:08.464 INFO [main] org.apache.catalina.startup.VersionLoggerListener.log OS Version:            10.0
09-May-2020 08:10:08.464 INFO [main] org.apache.catalina.startup.VersionLoggerListener.log Architecture:          amd64
09-May-2020 08:10:08.464 INFO [main] org.apache.catalina.startup.VersionLoggerListener.log Java Home:             C:\vnetcon\dev-env\jdk8u242-b08\jre
09-May-2020 08:10:08.464 INFO [main] org.apache.catalina.startup.VersionLoggerListener.log JVM Version:           1.8.0_242-b08
09-May-2020 08:10:08.464 INFO [main] org.apache.catalina.startup.VersionLoggerListener.log JVM Vendor:            
09-May-2020 08:10:08.465 INFO [main] org.apache.catalina.startup.VersionLoggerListener.log CATALINA_BASE:         C:\opt\vnetcon\app\apache-tomcat-9.0.34
09-May-2020 08:10:08.465 INFO [main] org.apache.catalina.startup.VersionLoggerListener.log CATALINA_HOME:         C:\opt\vnetcon\app\apache-tomcat-9.0.34
09-May-2020 08:10:08.466 INFO [main] org.apache.catalina.startup.VersionLoggerListener.log Command line argument: -Djava.util.logging.config.file=C:\opt\vnetcon\app\apache-tomcat-9.0.34\conf\logging.properties
09-May-2020 08:10:08.467 INFO [main] org.apache.catalina.startup.VersionLoggerListener.log Command line argument: -Djava.util.logging.manager=org.apache.juli.ClassLoaderLogManager
09-May-2020 08:10:08.467 INFO [main] org.apache.catalina.startup.VersionLoggerListener.log Command line argument: -Djdk.tls.ephemeralDHKeySize=2048
09-May-2020 08:10:08.467 INFO [main] org.apache.catalina.startup.VersionLoggerListener.log Command line argument: -Djava.protocol.handler.pkgs=org.apache.catalina.webresources
09-May-2020 08:10:08.467 INFO [main] org.apache.catalina.startup.VersionLoggerListener.log Command line argument: -Dignore.endorsed.dirs=
09-May-2020 08:10:08.468 INFO [main] org.apache.catalina.startup.VersionLoggerListener.log Command line argument: -Dcatalina.base=C:\opt\vnetcon\app\apache-tomcat-9.0.34
09-May-2020 08:10:08.468 INFO [main] org.apache.catalina.startup.VersionLoggerListener.log Command line argument: -Dcatalina.home=C:\opt\vnetcon\app\apache-tomcat-9.0.34
09-May-2020 08:10:08.469 INFO [main] org.apache.catalina.startup.VersionLoggerListener.log Command line argument: -Djava.io.tmpdir=C:\opt\vnetcon\app\apache-tomcat-9.0.34\temp
09-May-2020 08:10:08.470 INFO [main] org.apache.catalina.core.AprLifecycleListener.lifecycleEvent The APR based Apache Tomcat Native library which allows optimal performance in production environments was not found on the java.library.path: [C:\vnetcon\dev-env\jdk8u242-b08\bin;C:\WINDOWS\Sun\Java\bin;C:\WINDOWS\system32;C:\WINDOWS;C:\vnetcon\dev-env\jdk8u242-b08\bin;C:\Program Files\AdoptOpenJDK\jdk-8.0.242.08-hotspot\bin;C:\miki\oracle\WINDOWS.X64_193000_db_home\bin;C:\Program Files (x86)\Common Files\Oracle\Java\javapath;C:\Windows\system32;C:\Windows;C:\Windows\System32\Wbem;C:\Windows\System32\WindowsPowerShell\v1.0\;C:\Windows\System32\OpenSSH\;C:\Program Files (x86)\NVIDIA Corporation\PhysX\Common;C:\Program Files\NVIDIA Corporation\NVIDIA NvDLISR;C:\Program Files\Intel\WiFi\bin\;C:\Program Files\Common Files\Intel\WirelessCommon\;C:\Program Files\dotnet\;C:\Program Files\Microsoft SQL Server\130\Tools\Binn\;C:\Program Files\Microsoft SQL Server\Client SDK\ODBC\170\Tools\Binn\;C:\Program Files\PuTTY\;C:\WINDOWS\system32;C:\WINDOWS;C:\WINDOWS\System32\Wbem;C:\WINDOWS\System32\WindowsPowerShell\v1.0\;C:\WINDOWS\System32\OpenSSH\;C:\Program Files (x86)\Microsoft SQL Server\150\Tools\Binn\;C:\Program Files\Microsoft SQL Server\150\Tools\Binn\;C:\Program Files\Microsoft SQL Server\150\DTS\Binn\;C:\Program Files (x86)\Microsoft SQL Server\150\DTS\Binn\;C:\HashiCorp\Vagrant\bin;C:\Program Files\Git\cmd;C:\Users\35840\AppData\Local\Microsoft\WindowsApps;C:\Users\35840\.dotnet\tools;C:\Users\35840\AppData\Local\Microsoft\WindowsApps;;C:\Users\35840\AppData\Local\Programs\Microsoft VS Code\bin;.]
09-May-2020 08:10:08.743 INFO [main] org.apache.coyote.AbstractProtocol.init Initializing ProtocolHandler ["http-nio-8080"]
09-May-2020 08:10:09.160 INFO [main] org.apache.catalina.startup.Catalina.load Server initialization in [855] milliseconds
09-May-2020 08:10:09.191 INFO [main] org.apache.catalina.core.StandardService.startInternal Starting service [Catalina]
09-May-2020 08:10:09.192 INFO [main] org.apache.catalina.core.StandardEngine.startInternal Starting Servlet engine: [Apache Tomcat/9.0.34]
09-May-2020 08:10:09.204 INFO [main] org.apache.catalina.startup.HostConfig.deployDirectory Deploying web application directory [C:\opt\vnetcon\app\apache-tomcat-9.0.34\webapps\ROOT]
09-May-2020 08:10:09.471 INFO [main] org.apache.catalina.startup.HostConfig.deployDirectory Deployment of web application directory [C:\opt\vnetcon\app\apache-tomcat-9.0.34\webapps\ROOT] has finished in [267] ms
09-May-2020 08:10:09.474 INFO [main] org.apache.coyote.AbstractProtocol.start Starting ProtocolHandler ["http-nio-8080"]
09-May-2020 08:10:09.497 INFO [main] org.apache.catalina.startup.Catalina.start Server startup in [335] milliseconds
09-May-2020 08:10:39.510 INFO [Catalina-utility-1] org.apache.catalina.startup.HostConfig.deployWAR Deploying web application archive [C:\opt\vnetcon\app\apache-tomcat-9.0.34\webapps\jdbc-rest.war]
09-May-2020 08:10:48.372 INFO [Catalina-utility-1] org.apache.jasper.servlet.TldScanner.scanJars At least one JAR was scanned for TLDs yet contained no TLDs. Enable debug logging for this logger for a complete list of JARs that were scanned but no TLDs were found in them. Skipping unneeded JARs during scanning can improve startup time and JSP compilation time.
09-May-2020 08:10:48.383 INFO [Catalina-utility-1] org.apache.catalina.startup.HostConfig.deployWAR Deployment of web application archive [C:\opt\vnetcon\app\apache-tomcat-9.0.34\webapps\jdbc-rest.war] has finished in [8,871] ms
09-May-2020 08:13:16.441 INFO [Thread-4] org.apache.coyote.AbstractProtocol.pause Pausing ProtocolHandler ["http-nio-8080"]
09-May-2020 08:13:16.759 INFO [Thread-4] org.apache.catalina.core.StandardService.stopInternal Stopping service [Catalina]
09-May-2020 08:13:16.785 WARNING [Thread-4] org.apache.catalina.loader.WebappClassLoaderBase.clearReferencesJdbc The web application [jdbc-rest] registered the JDBC driver [com.vnetcon.jdbc.rest.RestDriver] but failed to unregister it when the web application was stopped. To prevent a memory leak, the JDBC Driver has been forcibly unregistered.
09-May-2020 08:13:16.786 WARNING [Thread-4] org.apache.catalina.loader.WebappClassLoaderBase.clearReferencesJdbc The web application [jdbc-rest] registered the JDBC driver [org.postgresql.Driver] but failed to unregister it when the web application was stopped. To prevent a memory leak, the JDBC Driver has been forcibly unregistered.
09-May-2020 08:13:16.796 INFO [Thread-4] org.apache.coyote.AbstractProtocol.stop Stopping ProtocolHandler ["http-nio-8080"]
09-May-2020 08:13:16.800 INFO [Thread-4] org.apache.coyote.AbstractProtocol.destroy Destroying ProtocolHandler ["http-nio-8080"]
09-May-2020 08:16:24.572 INFO [main] org.apache.catalina.startup.VersionLoggerListener.log Server version name:   Apache Tomcat/9.0.34
09-May-2020 08:16:24.576 INFO [main] org.apache.catalina.startup.VersionLoggerListener.log Server built:          Apr 3 2020 12:02:52 UTC
09-May-2020 08:16:24.577 INFO [main] org.apache.catalina.startup.VersionLoggerListener.log Server version number: 9.0.34.0
09-May-2020 08:16:24.577 INFO [main] org.apache.catalina.startup.VersionLoggerListener.log OS Name:               Windows 10
09-May-2020 08:16:24.577 INFO [main] org.apache.catalina.startup.VersionLoggerListener.log OS Version:            10.0
09-May-2020 08:16:24.577 INFO [main] org.apache.catalina.startup.VersionLoggerListener.log Architecture:          amd64
09-May-2020 08:16:24.577 INFO [main] org.apache.catalina.startup.VersionLoggerListener.log Java Home:             C:\vnetcon\dev-env\jdk8u242-b08\jre
09-May-2020 08:16:24.578 INFO [main] org.apache.catalina.startup.VersionLoggerListener.log JVM Version:           1.8.0_242-b08
09-May-2020 08:16:24.578 INFO [main] org.apache.catalina.startup.VersionLoggerListener.log JVM Vendor:            
09-May-2020 08:16:24.578 INFO [main] org.apache.catalina.startup.VersionLoggerListener.log CATALINA_BASE:         C:\opt\vnetcon\app\apache-tomcat-9.0.34
09-May-2020 08:16:24.578 INFO [main] org.apache.catalina.startup.VersionLoggerListener.log CATALINA_HOME:         C:\opt\vnetcon\app\apache-tomcat-9.0.34
09-May-2020 08:16:24.581 INFO [main] org.apache.catalina.startup.VersionLoggerListener.log Command line argument: -Djava.util.logging.config.file=C:\opt\vnetcon\app\apache-tomcat-9.0.34\conf\logging.properties
09-May-2020 08:16:24.581 INFO [main] org.apache.catalina.startup.VersionLoggerListener.log Command line argument: -Djava.util.logging.manager=org.apache.juli.ClassLoaderLogManager
09-May-2020 08:16:24.581 INFO [main] org.apache.catalina.startup.VersionLoggerListener.log Command line argument: -Djdk.tls.ephemeralDHKeySize=2048
09-May-2020 08:16:24.582 INFO [main] org.apache.catalina.startup.VersionLoggerListener.log Command line argument: -Djava.protocol.handler.pkgs=org.apache.catalina.webresources
09-May-2020 08:16:24.582 INFO [main] org.apache.catalina.startup.VersionLoggerListener.log Command line argument: -Dignore.endorsed.dirs=
09-May-2020 08:16:24.582 INFO [main] org.apache.catalina.startup.VersionLoggerListener.log Command line argument: -Dcatalina.base=C:\opt\vnetcon\app\apache-tomcat-9.0.34
09-May-2020 08:16:24.582 INFO [main] org.apache.catalina.startup.VersionLoggerListener.log Command line argument: -Dcatalina.home=C:\opt\vnetcon\app\apache-tomcat-9.0.34
09-May-2020 08:16:24.584 INFO [main] org.apache.catalina.startup.VersionLoggerListener.log Command line argument: -Djava.io.tmpdir=C:\opt\vnetcon\app\apache-tomcat-9.0.34\temp
09-May-2020 08:16:24.585 INFO [main] org.apache.catalina.core.AprLifecycleListener.lifecycleEvent The APR based Apache Tomcat Native library which allows optimal performance in production environments was not found on the java.library.path: [C:\vnetcon\dev-env\jdk8u242-b08\bin;C:\WINDOWS\Sun\Java\bin;C:\WINDOWS\system32;C:\WINDOWS;C:\vnetcon\dev-env\jdk8u242-b08\bin;C:\Program Files\AdoptOpenJDK\jdk-8.0.242.08-hotspot\bin;C:\miki\oracle\WINDOWS.X64_193000_db_home\bin;C:\Program Files (x86)\Common Files\Oracle\Java\javapath;C:\Windows\system32;C:\Windows;C:\Windows\System32\Wbem;C:\Windows\System32\WindowsPowerShell\v1.0\;C:\Windows\System32\OpenSSH\;C:\Program Files (x86)\NVIDIA Corporation\PhysX\Common;C:\Program Files\NVIDIA Corporation\NVIDIA NvDLISR;C:\Program Files\Intel\WiFi\bin\;C:\Program Files\Common Files\Intel\WirelessCommon\;C:\Program Files\dotnet\;C:\Program Files\Microsoft SQL Server\130\Tools\Binn\;C:\Program Files\Microsoft SQL Server\Client SDK\ODBC\170\Tools\Binn\;C:\Program Files\PuTTY\;C:\WINDOWS\system32;C:\WINDOWS;C:\WINDOWS\System32\Wbem;C:\WINDOWS\System32\WindowsPowerShell\v1.0\;C:\WINDOWS\System32\OpenSSH\;C:\Program Files (x86)\Microsoft SQL Server\150\Tools\Binn\;C:\Program Files\Microsoft SQL Server\150\Tools\Binn\;C:\Program Files\Microsoft SQL Server\150\DTS\Binn\;C:\Program Files (x86)\Microsoft SQL Server\150\DTS\Binn\;C:\HashiCorp\Vagrant\bin;C:\Program Files\Git\cmd;C:\Users\35840\AppData\Local\Microsoft\WindowsApps;C:\Users\35840\.dotnet\tools;C:\Users\35840\AppData\Local\Microsoft\WindowsApps;;C:\Users\35840\AppData\Local\Programs\Microsoft VS Code\bin;.]
09-May-2020 08:16:24.859 INFO [main] org.apache.coyote.AbstractProtocol.init Initializing ProtocolHandler ["http-nio-8080"]
09-May-2020 08:16:25.367 INFO [main] org.apache.catalina.startup.Catalina.load Server initialization in [1,065] milliseconds
09-May-2020 08:16:25.398 INFO [main] org.apache.catalina.core.StandardService.startInternal Starting service [Catalina]
09-May-2020 08:16:25.400 INFO [main] org.apache.catalina.core.StandardEngine.startInternal Starting Servlet engine: [Apache Tomcat/9.0.34]
09-May-2020 08:16:25.420 INFO [main] org.apache.catalina.startup.HostConfig.deployWAR Deploying web application archive [C:\opt\vnetcon\app\apache-tomcat-9.0.34\webapps\jdbc-rest.war]
09-May-2020 08:16:32.014 INFO [main] org.apache.jasper.servlet.TldScanner.scanJars At least one JAR was scanned for TLDs yet contained no TLDs. Enable debug logging for this logger for a complete list of JARs that were scanned but no TLDs were found in them. Skipping unneeded JARs during scanning can improve startup time and JSP compilation time.
09-May-2020 08:16:32.075 INFO [main] org.apache.catalina.startup.HostConfig.deployWAR Deployment of web application archive [C:\opt\vnetcon\app\apache-tomcat-9.0.34\webapps\jdbc-rest.war] has finished in [6,655] ms
09-May-2020 08:16:32.079 INFO [main] org.apache.catalina.startup.HostConfig.deployDirectory Deploying web application directory [C:\opt\vnetcon\app\apache-tomcat-9.0.34\webapps\ROOT]
09-May-2020 08:16:32.111 INFO [main] org.apache.catalina.startup.HostConfig.deployDirectory Deployment of web application directory [C:\opt\vnetcon\app\apache-tomcat-9.0.34\webapps\ROOT] has finished in [32] ms
09-May-2020 08:16:32.114 INFO [main] org.apache.coyote.AbstractProtocol.start Starting ProtocolHandler ["http-nio-8080"]
09-May-2020 08:16:32.129 INFO [main] org.apache.catalina.startup.Catalina.start Server startup in [6,760] milliseconds
09-May-2020 08:16:42.121 INFO [Catalina-utility-1] org.apache.catalina.startup.HostConfig.undeploy Undeploying context [/jdbc-rest]
09-May-2020 08:16:42.212 INFO [Catalina-utility-1] org.apache.catalina.startup.HostConfig.deployWAR Deploying web application archive [C:\opt\vnetcon\app\apache-tomcat-9.0.34\webapps\jdbc-rest.war]
09-May-2020 08:16:49.693 INFO [Catalina-utility-1] org.apache.jasper.servlet.TldScanner.scanJars At least one JAR was scanned for TLDs yet contained no TLDs. Enable debug logging for this logger for a complete list of JARs that were scanned but no TLDs were found in them. Skipping unneeded JARs during scanning can improve startup time and JSP compilation time.
09-May-2020 08:16:49.699 INFO [Catalina-utility-1] org.apache.catalina.startup.HostConfig.deployWAR Deployment of web application archive [C:\opt\vnetcon\app\apache-tomcat-9.0.34\webapps\jdbc-rest.war] has finished in [7,487] ms
09-May-2020 08:24:15.976 INFO [Thread-4] org.apache.coyote.AbstractProtocol.pause Pausing ProtocolHandler ["http-nio-8080"]
09-May-2020 08:24:16.333 INFO [Thread-4] org.apache.catalina.core.StandardService.stopInternal Stopping service [Catalina]
09-May-2020 08:24:16.348 WARNING [Thread-4] org.apache.catalina.loader.WebappClassLoaderBase.clearReferencesJdbc The web application [jdbc-rest] registered the JDBC driver [com.vnetcon.jdbc.rest.RestDriver] but failed to unregister it when the web application was stopped. To prevent a memory leak, the JDBC Driver has been forcibly unregistered.
09-May-2020 08:24:16.349 WARNING [Thread-4] org.apache.catalina.loader.WebappClassLoaderBase.clearReferencesJdbc The web application [jdbc-rest] registered the JDBC driver [org.postgresql.Driver] but failed to unregister it when the web application was stopped. To prevent a memory leak, the JDBC Driver has been forcibly unregistered.
09-May-2020 08:24:16.354 INFO [Thread-4] org.apache.coyote.AbstractProtocol.stop Stopping ProtocolHandler ["http-nio-8080"]
09-May-2020 08:24:16.358 INFO [Thread-4] org.apache.coyote.AbstractProtocol.destroy Destroying ProtocolHandler ["http-nio-8080"]
09-May-2020 08:24:36.348 INFO [main] org.apache.catalina.startup.VersionLoggerListener.log Server version name:   Apache Tomcat/9.0.34
09-May-2020 08:24:36.350 INFO [main] org.apache.catalina.startup.VersionLoggerListener.log Server built:          Apr 3 2020 12:02:52 UTC
09-May-2020 08:24:36.351 INFO [main] org.apache.catalina.startup.VersionLoggerListener.log Server version number: 9.0.34.0
09-May-2020 08:24:36.351 INFO [main] org.apache.catalina.startup.VersionLoggerListener.log OS Name:               Windows 10
09-May-2020 08:24:36.351 INFO [main] org.apache.catalina.startup.VersionLoggerListener.log OS Version:            10.0
09-May-2020 08:24:36.351 INFO [main] org.apache.catalina.startup.VersionLoggerListener.log Architecture:          amd64
09-May-2020 08:24:36.352 INFO [main] org.apache.catalina.startup.VersionLoggerListener.log Java Home:             C:\vnetcon\dev-env\jdk8u242-b08\jre
09-May-2020 08:24:36.352 INFO [main] org.apache.catalina.startup.VersionLoggerListener.log JVM Version:           1.8.0_242-b08
09-May-2020 08:24:36.352 INFO [main] org.apache.catalina.startup.VersionLoggerListener.log JVM Vendor:            
09-May-2020 08:24:36.352 INFO [main] org.apache.catalina.startup.VersionLoggerListener.log CATALINA_BASE:         C:\opt\vnetcon\app\apache-tomcat-9.0.34
09-May-2020 08:24:36.352 INFO [main] org.apache.catalina.startup.VersionLoggerListener.log CATALINA_HOME:         C:\opt\vnetcon\app\apache-tomcat-9.0.34
09-May-2020 08:24:36.355 INFO [main] org.apache.catalina.startup.VersionLoggerListener.log Command line argument: -Djava.util.logging.config.file=C:\opt\vnetcon\app\apache-tomcat-9.0.34\conf\logging.properties
09-May-2020 08:24:36.355 INFO [main] org.apache.catalina.startup.VersionLoggerListener.log Command line argument: -Djava.util.logging.manager=org.apache.juli.ClassLoaderLogManager
09-May-2020 08:24:36.355 INFO [main] org.apache.catalina.startup.VersionLoggerListener.log Command line argument: -Djdk.tls.ephemeralDHKeySize=2048
09-May-2020 08:24:36.355 INFO [main] org.apache.catalina.startup.VersionLoggerListener.log Command line argument: -Djava.protocol.handler.pkgs=org.apache.catalina.webresources
09-May-2020 08:24:36.355 INFO [main] org.apache.catalina.startup.VersionLoggerListener.log Command line argument: -Dignore.endorsed.dirs=
09-May-2020 08:24:36.355 INFO [main] org.apache.catalina.startup.VersionLoggerListener.log Command line argument: -Dcatalina.base=C:\opt\vnetcon\app\apache-tomcat-9.0.34
09-May-2020 08:24:36.356 INFO [main] org.apache.catalina.startup.VersionLoggerListener.log Command line argument: -Dcatalina.home=C:\opt\vnetcon\app\apache-tomcat-9.0.34
09-May-2020 08:24:36.356 INFO [main] org.apache.catalina.startup.VersionLoggerListener.log Command line argument: -Djava.io.tmpdir=C:\opt\vnetcon\app\apache-tomcat-9.0.34\temp
09-May-2020 08:24:36.357 INFO [main] org.apache.catalina.core.AprLifecycleListener.lifecycleEvent The APR based Apache Tomcat Native library which allows optimal performance in production environments was not found on the java.library.path: [C:\vnetcon\dev-env\jdk8u242-b08\bin;C:\WINDOWS\Sun\Java\bin;C:\WINDOWS\system32;C:\WINDOWS;C:\vnetcon\dev-env\jdk8u242-b08\bin;C:\Program Files\AdoptOpenJDK\jdk-8.0.242.08-hotspot\bin;C:\miki\oracle\WINDOWS.X64_193000_db_home\bin;C:\Program Files (x86)\Common Files\Oracle\Java\javapath;C:\Windows\system32;C:\Windows;C:\Windows\System32\Wbem;C:\Windows\System32\WindowsPowerShell\v1.0\;C:\Windows\System32\OpenSSH\;C:\Program Files (x86)\NVIDIA Corporation\PhysX\Common;C:\Program Files\NVIDIA Corporation\NVIDIA NvDLISR;C:\Program Files\Intel\WiFi\bin\;C:\Program Files\Common Files\Intel\WirelessCommon\;C:\Program Files\dotnet\;C:\Program Files\Microsoft SQL Server\130\Tools\Binn\;C:\Program Files\Microsoft SQL Server\Client SDK\ODBC\170\Tools\Binn\;C:\Program Files\PuTTY\;C:\WINDOWS\system32;C:\WINDOWS;C:\WINDOWS\System32\Wbem;C:\WINDOWS\System32\WindowsPowerShell\v1.0\;C:\WINDOWS\System32\OpenSSH\;C:\Program Files (x86)\Microsoft SQL Server\150\Tools\Binn\;C:\Program Files\Microsoft SQL Server\150\Tools\Binn\;C:\Program Files\Microsoft SQL Server\150\DTS\Binn\;C:\Program Files (x86)\Microsoft SQL Server\150\DTS\Binn\;C:\HashiCorp\Vagrant\bin;C:\Program Files\Git\cmd;C:\Users\35840\AppData\Local\Microsoft\WindowsApps;C:\Users\35840\.dotnet\tools;C:\Users\35840\AppData\Local\Microsoft\WindowsApps;;C:\Users\35840\AppData\Local\Programs\Microsoft VS Code\bin;.]
09-May-2020 08:24:36.622 INFO [main] org.apache.coyote.AbstractProtocol.init Initializing ProtocolHandler ["http-nio-8080"]
09-May-2020 08:24:37.103 INFO [main] org.apache.catalina.startup.Catalina.load Server initialization in [970] milliseconds
09-May-2020 08:24:37.141 INFO [main] org.apache.catalina.core.StandardService.startInternal Starting service [Catalina]
09-May-2020 08:24:37.141 INFO [main] org.apache.catalina.core.StandardEngine.startInternal Starting Servlet engine: [Apache Tomcat/9.0.34]
09-May-2020 08:24:37.173 INFO [main] org.apache.catalina.startup.HostConfig.deployWAR Deploying web application archive [C:\opt\vnetcon\app\apache-tomcat-9.0.34\webapps\jdbc-rest.war]
09-May-2020 08:24:43.450 INFO [main] org.apache.jasper.servlet.TldScanner.scanJars At least one JAR was scanned for TLDs yet contained no TLDs. Enable debug logging for this logger for a complete list of JARs that were scanned but no TLDs were found in them. Skipping unneeded JARs during scanning can improve startup time and JSP compilation time.
09-May-2020 08:24:43.513 INFO [main] org.apache.catalina.startup.HostConfig.deployWAR Deployment of web application archive [C:\opt\vnetcon\app\apache-tomcat-9.0.34\webapps\jdbc-rest.war] has finished in [6,340] ms
09-May-2020 08:24:43.515 INFO [main] org.apache.catalina.startup.HostConfig.deployDirectory Deploying web application directory [C:\opt\vnetcon\app\apache-tomcat-9.0.34\webapps\ROOT]
09-May-2020 08:24:43.551 INFO [main] org.apache.catalina.startup.HostConfig.deployDirectory Deployment of web application directory [C:\opt\vnetcon\app\apache-tomcat-9.0.34\webapps\ROOT] has finished in [36] ms
09-May-2020 08:24:43.556 INFO [main] org.apache.coyote.AbstractProtocol.start Starting ProtocolHandler ["http-nio-8080"]
09-May-2020 08:24:43.570 INFO [main] org.apache.catalina.startup.Catalina.start Server startup in [6,466] milliseconds
09-May-2020 08:27:53.856 INFO [Catalina-utility-2] org.apache.catalina.startup.HostConfig.undeploy Undeploying context [/jdbc-rest]
09-May-2020 08:27:53.954 INFO [Catalina-utility-2] org.apache.catalina.startup.HostConfig.deployWAR Deploying web application archive [C:\opt\vnetcon\app\apache-tomcat-9.0.34\webapps\jdbc-rest.war]
09-May-2020 08:28:02.656 INFO [Catalina-utility-2] org.apache.jasper.servlet.TldScanner.scanJars At least one JAR was scanned for TLDs yet contained no TLDs. Enable debug logging for this logger for a complete list of JARs that were scanned but no TLDs were found in them. Skipping unneeded JARs during scanning can improve startup time and JSP compilation time.
09-May-2020 08:28:02.665 INFO [Catalina-utility-2] org.apache.catalina.startup.HostConfig.deployWAR Deployment of web application archive [C:\opt\vnetcon\app\apache-tomcat-9.0.34\webapps\jdbc-rest.war] has finished in [8,711] ms
09-May-2020 08:29:22.791 INFO [Catalina-utility-2] org.apache.catalina.startup.HostConfig.undeploy Undeploying context [/jdbc-rest]
09-May-2020 08:29:22.881 INFO [Catalina-utility-2] org.apache.catalina.startup.HostConfig.deployWAR Deploying web application archive [C:\opt\vnetcon\app\apache-tomcat-9.0.34\webapps\jdbc-rest.war]
09-May-2020 08:29:24.100 INFO [Catalina-utility-2] org.apache.jasper.servlet.TldScanner.scanJars At least one JAR was scanned for TLDs yet contained no TLDs. Enable debug logging for this logger for a complete list of JARs that were scanned but no TLDs were found in them. Skipping unneeded JARs during scanning can improve startup time and JSP compilation time.
09-May-2020 08:29:24.109 INFO [Catalina-utility-2] org.apache.catalina.startup.HostConfig.deployWAR Deployment of web application archive [C:\opt\vnetcon\app\apache-tomcat-9.0.34\webapps\jdbc-rest.war] has finished in [1,228] ms
09-May-2020 08:30:34.157 INFO [Catalina-utility-2] org.apache.catalina.startup.HostConfig.undeploy Undeploying context [/jdbc-rest]
09-May-2020 08:30:34.227 INFO [Catalina-utility-2] org.apache.catalina.startup.HostConfig.deployWAR Deploying web application archive [C:\opt\vnetcon\app\apache-tomcat-9.0.34\webapps\jdbc-rest.war]
09-May-2020 08:30:35.321 INFO [Catalina-utility-2] org.apache.jasper.servlet.TldScanner.scanJars At least one JAR was scanned for TLDs yet contained no TLDs. Enable debug logging for this logger for a complete list of JARs that were scanned but no TLDs were found in them. Skipping unneeded JARs during scanning can improve startup time and JSP compilation time.
09-May-2020 08:30:35.336 INFO [Catalina-utility-2] org.apache.catalina.startup.HostConfig.deployWAR Deployment of web application archive [C:\opt\vnetcon\app\apache-tomcat-9.0.34\webapps\jdbc-rest.war] has finished in [1,114] ms
09-May-2020 08:32:55.533 INFO [Catalina-utility-1] org.apache.catalina.startup.HostConfig.undeploy Undeploying context [/jdbc-rest]
09-May-2020 08:32:55.588 INFO [Catalina-utility-1] org.apache.catalina.startup.HostConfig.deployWAR Deploying web application archive [C:\opt\vnetcon\app\apache-tomcat-9.0.34\webapps\jdbc-rest.war]
09-May-2020 08:32:56.252 INFO [Catalina-utility-1] org.apache.jasper.servlet.TldScanner.scanJars At least one JAR was scanned for TLDs yet contained no TLDs. Enable debug logging for this logger for a complete list of JARs that were scanned but no TLDs were found in them. Skipping unneeded JARs during scanning can improve startup time and JSP compilation time.
09-May-2020 08:32:56.272 INFO [Catalina-utility-1] org.apache.catalina.startup.HostConfig.deployWAR Deployment of web application archive [C:\opt\vnetcon\app\apache-tomcat-9.0.34\webapps\jdbc-rest.war] has finished in [684] ms
09-May-2020 08:33:30.828 INFO [Thread-4] org.apache.coyote.AbstractProtocol.pause Pausing ProtocolHandler ["http-nio-8080"]
09-May-2020 08:33:31.148 INFO [Thread-4] org.apache.catalina.core.StandardService.stopInternal Stopping service [Catalina]
09-May-2020 08:33:31.163 INFO [Thread-4] org.apache.coyote.AbstractProtocol.stop Stopping ProtocolHandler ["http-nio-8080"]
09-May-2020 08:33:31.166 INFO [Thread-4] org.apache.coyote.AbstractProtocol.destroy Destroying ProtocolHandler ["http-nio-8080"]
09-May-2020 08:33:58.178 INFO [main] org.apache.catalina.startup.VersionLoggerListener.log Server version name:   Apache Tomcat/9.0.34
09-May-2020 08:33:58.181 INFO [main] org.apache.catalina.startup.VersionLoggerListener.log Server built:          Apr 3 2020 12:02:52 UTC
09-May-2020 08:33:58.182 INFO [main] org.apache.catalina.startup.VersionLoggerListener.log Server version number: 9.0.34.0
09-May-2020 08:33:58.182 INFO [main] org.apache.catalina.startup.VersionLoggerListener.log OS Name:               Windows 10
09-May-2020 08:33:58.182 INFO [main] org.apache.catalina.startup.VersionLoggerListener.log OS Version:            10.0
09-May-2020 08:33:58.182 INFO [main] org.apache.catalina.startup.VersionLoggerListener.log Architecture:          amd64
09-May-2020 08:33:58.183 INFO [main] org.apache.catalina.startup.VersionLoggerListener.log Java Home:             C:\vnetcon\dev-env\jdk8u242-b08\jre
09-May-2020 08:33:58.183 INFO [main] org.apache.catalina.startup.VersionLoggerListener.log JVM Version:           1.8.0_242-b08
09-May-2020 08:33:58.183 INFO [main] org.apache.catalina.startup.VersionLoggerListener.log JVM Vendor:            
09-May-2020 08:33:58.183 INFO [main] org.apache.catalina.startup.VersionLoggerListener.log CATALINA_BASE:         C:\opt\vnetcon\app\apache-tomcat-9.0.34
09-May-2020 08:33:58.184 INFO [main] org.apache.catalina.startup.VersionLoggerListener.log CATALINA_HOME:         C:\opt\vnetcon\app\apache-tomcat-9.0.34
09-May-2020 08:33:58.186 INFO [main] org.apache.catalina.startup.VersionLoggerListener.log Command line argument: -Djava.util.logging.config.file=C:\opt\vnetcon\app\apache-tomcat-9.0.34\conf\logging.properties
09-May-2020 08:33:58.186 INFO [main] org.apache.catalina.startup.VersionLoggerListener.log Command line argument: -Djava.util.logging.manager=org.apache.juli.ClassLoaderLogManager
09-May-2020 08:33:58.187 INFO [main] org.apache.catalina.startup.VersionLoggerListener.log Command line argument: -Djdk.tls.ephemeralDHKeySize=2048
09-May-2020 08:33:58.187 INFO [main] org.apache.catalina.startup.VersionLoggerListener.log Command line argument: -Djava.protocol.handler.pkgs=org.apache.catalina.webresources
09-May-2020 08:33:58.187 INFO [main] org.apache.catalina.startup.VersionLoggerListener.log Command line argument: -Dignore.endorsed.dirs=
09-May-2020 08:33:58.188 INFO [main] org.apache.catalina.startup.VersionLoggerListener.log Command line argument: -Dcatalina.base=C:\opt\vnetcon\app\apache-tomcat-9.0.34
09-May-2020 08:33:58.188 INFO [main] org.apache.catalina.startup.VersionLoggerListener.log Command line argument: -Dcatalina.home=C:\opt\vnetcon\app\apache-tomcat-9.0.34
09-May-2020 08:33:58.190 INFO [main] org.apache.catalina.startup.VersionLoggerListener.log Command line argument: -Djava.io.tmpdir=C:\opt\vnetcon\app\apache-tomcat-9.0.34\temp
09-May-2020 08:33:58.191 INFO [main] org.apache.catalina.core.AprLifecycleListener.lifecycleEvent The APR based Apache Tomcat Native library which allows optimal performance in production environments was not found on the java.library.path: [C:\vnetcon\dev-env\jdk8u242-b08\bin;C:\WINDOWS\Sun\Java\bin;C:\WINDOWS\system32;C:\WINDOWS;C:\vnetcon\dev-env\jdk8u242-b08\bin;C:\Program Files\AdoptOpenJDK\jdk-8.0.242.08-hotspot\bin;C:\miki\oracle\WINDOWS.X64_193000_db_home\bin;C:\Program Files (x86)\Common Files\Oracle\Java\javapath;C:\Windows\system32;C:\Windows;C:\Windows\System32\Wbem;C:\Windows\System32\WindowsPowerShell\v1.0\;C:\Windows\System32\OpenSSH\;C:\Program Files (x86)\NVIDIA Corporation\PhysX\Common;C:\Program Files\NVIDIA Corporation\NVIDIA NvDLISR;C:\Program Files\Intel\WiFi\bin\;C:\Program Files\Common Files\Intel\WirelessCommon\;C:\Program Files\dotnet\;C:\Program Files\Microsoft SQL Server\130\Tools\Binn\;C:\Program Files\Microsoft SQL Server\Client SDK\ODBC\170\Tools\Binn\;C:\Program Files\PuTTY\;C:\WINDOWS\system32;C:\WINDOWS;C:\WINDOWS\System32\Wbem;C:\WINDOWS\System32\WindowsPowerShell\v1.0\;C:\WINDOWS\System32\OpenSSH\;C:\Program Files (x86)\Microsoft SQL Server\150\Tools\Binn\;C:\Program Files\Microsoft SQL Server\150\Tools\Binn\;C:\Program Files\Microsoft SQL Server\150\DTS\Binn\;C:\Program Files (x86)\Microsoft SQL Server\150\DTS\Binn\;C:\HashiCorp\Vagrant\bin;C:\Program Files\Git\cmd;C:\Users\35840\AppData\Local\Microsoft\WindowsApps;C:\Users\35840\.dotnet\tools;C:\Users\35840\AppData\Local\Microsoft\WindowsApps;;C:\Users\35840\AppData\Local\Programs\Microsoft VS Code\bin;.]
09-May-2020 08:33:58.506 INFO [main] org.apache.coyote.AbstractProtocol.init Initializing ProtocolHandler ["http-nio-8080"]
09-May-2020 08:33:58.976 INFO [main] org.apache.catalina.startup.Catalina.load Server initialization in [1,067] milliseconds
09-May-2020 08:33:59.009 INFO [main] org.apache.catalina.core.StandardService.startInternal Starting service [Catalina]
09-May-2020 08:33:59.010 INFO [main] org.apache.catalina.core.StandardEngine.startInternal Starting Servlet engine: [Apache Tomcat/9.0.34]
09-May-2020 08:33:59.027 INFO [main] org.apache.catalina.startup.HostConfig.deployWAR Deploying web application archive [C:\opt\vnetcon\app\apache-tomcat-9.0.34\webapps\jdbc-rest.war]
09-May-2020 08:33:59.683 INFO [main] org.apache.jasper.servlet.TldScanner.scanJars At least one JAR was scanned for TLDs yet contained no TLDs. Enable debug logging for this logger for a complete list of JARs that were scanned but no TLDs were found in them. Skipping unneeded JARs during scanning can improve startup time and JSP compilation time.
09-May-2020 08:33:59.737 INFO [main] org.apache.catalina.startup.HostConfig.deployWAR Deployment of web application archive [C:\opt\vnetcon\app\apache-tomcat-9.0.34\webapps\jdbc-rest.war] has finished in [710] ms
09-May-2020 08:33:59.738 INFO [main] org.apache.catalina.startup.HostConfig.deployDirectory Deploying web application directory [C:\opt\vnetcon\app\apache-tomcat-9.0.34\webapps\ROOT]
09-May-2020 08:33:59.770 INFO [main] org.apache.catalina.startup.HostConfig.deployDirectory Deployment of web application directory [C:\opt\vnetcon\app\apache-tomcat-9.0.34\webapps\ROOT] has finished in [31] ms
09-May-2020 08:33:59.774 INFO [main] org.apache.coyote.AbstractProtocol.start Starting ProtocolHandler ["http-nio-8080"]
09-May-2020 08:33:59.789 INFO [main] org.apache.catalina.startup.Catalina.start Server startup in [811] milliseconds
09-May-2020 08:38:10.029 INFO [Catalina-utility-1] org.apache.catalina.startup.HostConfig.undeploy Undeploying context [/jdbc-rest]
09-May-2020 08:38:10.059 WARNING [Catalina-utility-1] org.apache.catalina.loader.WebappClassLoaderBase.clearReferencesJdbc The web application [jdbc-rest] registered the JDBC driver [com.vnetcon.jdbc.rest.RestDriver] but failed to unregister it when the web application was stopped. To prevent a memory leak, the JDBC Driver has been forcibly unregistered.
09-May-2020 08:38:10.061 WARNING [Catalina-utility-1] org.apache.catalina.loader.WebappClassLoaderBase.clearReferencesJdbc The web application [jdbc-rest] registered the JDBC driver [org.postgresql.Driver] but failed to unregister it when the web application was stopped. To prevent a memory leak, the JDBC Driver has been forcibly unregistered.
09-May-2020 08:38:10.142 INFO [Catalina-utility-1] org.apache.catalina.startup.HostConfig.deployWAR Deploying web application archive [C:\opt\vnetcon\app\apache-tomcat-9.0.34\webapps\jdbc-rest.war]
09-May-2020 08:38:10.750 INFO [Catalina-utility-1] org.apache.jasper.servlet.TldScanner.scanJars At least one JAR was scanned for TLDs yet contained no TLDs. Enable debug logging for this logger for a complete list of JARs that were scanned but no TLDs were found in them. Skipping unneeded JARs during scanning can improve startup time and JSP compilation time.
09-May-2020 08:38:10.758 INFO [Catalina-utility-1] org.apache.catalina.startup.HostConfig.deployWAR Deployment of web application archive [C:\opt\vnetcon\app\apache-tomcat-9.0.34\webapps\jdbc-rest.war] has finished in [615] ms
09-May-2020 08:40:40.943 INFO [Catalina-utility-1] org.apache.catalina.startup.HostConfig.deployWAR Deploying web application archive [C:\opt\vnetcon\app\apache-tomcat-9.0.34\webapps\curvy.war]
09-May-2020 08:40:41.549 INFO [Catalina-utility-1] org.apache.jasper.servlet.TldScanner.scanJars At least one JAR was scanned for TLDs yet contained no TLDs. Enable debug logging for this logger for a complete list of JARs that were scanned but no TLDs were found in them. Skipping unneeded JARs during scanning can improve startup time and JSP compilation time.
09-May-2020 08:40:41.559 INFO [Catalina-utility-1] org.apache.catalina.startup.HostConfig.deployWAR Deployment of web application archive [C:\opt\vnetcon\app\apache-tomcat-9.0.34\webapps\curvy.war] has finished in [616] ms
09-May-2020 08:40:52.077 INFO [Catalina-utility-2] org.apache.catalina.startup.HostConfig.undeploy Undeploying context [/jdbc-rest]
09-May-2020 08:40:52.090 WARNING [Catalina-utility-2] org.apache.catalina.loader.WebappClassLoaderBase.clearReferencesJdbc The web application [jdbc-rest] registered the JDBC driver [com.vnetcon.jdbc.rest.RestDriver] but failed to unregister it when the web application was stopped. To prevent a memory leak, the JDBC Driver has been forcibly unregistered.
09-May-2020 08:40:52.091 WARNING [Catalina-utility-2] org.apache.catalina.loader.WebappClassLoaderBase.clearReferencesJdbc The web application [jdbc-rest] registered the JDBC driver [org.postgresql.Driver] but failed to unregister it when the web application was stopped. To prevent a memory leak, the JDBC Driver has been forcibly unregistered.
09-May-2020 08:43:52.341 INFO [Catalina-utility-2] org.apache.catalina.startup.HostConfig.undeploy Undeploying context [/curvy]
09-May-2020 08:43:52.352 WARNING [Catalina-utility-2] org.apache.catalina.loader.WebappClassLoaderBase.clearReferencesJdbc The web application [curvy] registered the JDBC driver [com.vnetcon.jdbc.rest.RestDriver] but failed to unregister it when the web application was stopped. To prevent a memory leak, the JDBC Driver has been forcibly unregistered.
09-May-2020 08:43:52.352 WARNING [Catalina-utility-2] org.apache.catalina.loader.WebappClassLoaderBase.clearReferencesJdbc The web application [curvy] registered the JDBC driver [org.postgresql.Driver] but failed to unregister it when the web application was stopped. To prevent a memory leak, the JDBC Driver has been forcibly unregistered.
09-May-2020 08:43:52.411 INFO [Catalina-utility-2] org.apache.catalina.startup.HostConfig.deployWAR Deploying web application archive [C:\opt\vnetcon\app\apache-tomcat-9.0.34\webapps\curvy.war]
09-May-2020 08:43:52.964 INFO [Catalina-utility-2] org.apache.jasper.servlet.TldScanner.scanJars At least one JAR was scanned for TLDs yet contained no TLDs. Enable debug logging for this logger for a complete list of JARs that were scanned but no TLDs were found in them. Skipping unneeded JARs during scanning can improve startup time and JSP compilation time.
09-May-2020 08:43:52.971 INFO [Catalina-utility-2] org.apache.catalina.startup.HostConfig.deployWAR Deployment of web application archive [C:\opt\vnetcon\app\apache-tomcat-9.0.34\webapps\curvy.war] has finished in [560] ms
09-May-2020 09:30:36.633 INFO [Catalina-utility-2] org.apache.catalina.startup.HostConfig.undeploy Undeploying context [/curvy]
09-May-2020 09:30:36.633 WARNING [Catalina-utility-2] org.apache.catalina.loader.WebappClassLoaderBase.clearReferencesJdbc The web application [curvy] registered the JDBC driver [com.vnetcon.jdbc.rest.RestDriver] but failed to unregister it when the web application was stopped. To prevent a memory leak, the JDBC Driver has been forcibly unregistered.
09-May-2020 09:30:36.633 WARNING [Catalina-utility-2] org.apache.catalina.loader.WebappClassLoaderBase.clearReferencesJdbc The web application [curvy] registered the JDBC driver [org.postgresql.Driver] but failed to unregister it when the web application was stopped. To prevent a memory leak, the JDBC Driver has been forcibly unregistered.
09-May-2020 09:30:36.664 INFO [Catalina-utility-2] org.apache.catalina.startup.HostConfig.deployWAR Deploying web application archive [C:\opt\vnetcon\app\apache-tomcat-9.0.34\webapps\curvy.war]
09-May-2020 09:30:36.897 INFO [Catalina-utility-2] org.apache.jasper.servlet.TldScanner.scanJars At least one JAR was scanned for TLDs yet contained no TLDs. Enable debug logging for this logger for a complete list of JARs that were scanned but no TLDs were found in them. Skipping unneeded JARs during scanning can improve startup time and JSP compilation time.
09-May-2020 09:30:36.897 INFO [Catalina-utility-2] org.apache.catalina.startup.HostConfig.deployWAR Deployment of web application archive [C:\opt\vnetcon\app\apache-tomcat-9.0.34\webapps\curvy.war] has finished in [233] ms
