10-May-2020 05:03:28.786 INFO [Thread-4] org.apache.coyote.AbstractProtocol.pause Pausing ProtocolHandler ["http-nio-8080"]
10-May-2020 05:03:29.717 INFO [Thread-4] org.apache.catalina.core.StandardService.stopInternal Stopping service [Catalina]
10-May-2020 05:03:29.769 WARNING [Thread-4] org.apache.catalina.loader.WebappClassLoaderBase.clearReferencesJdbc The web application [curvy] registered the JDBC driver [com.vnetcon.jdbc.rest.RestDriver] but failed to unregister it when the web application was stopped. To prevent a memory leak, the JDBC Driver has been forcibly unregistered.
10-May-2020 05:03:29.771 WARNING [Thread-4] org.apache.catalina.loader.WebappClassLoaderBase.clearReferencesJdbc The web application [curvy] registered the JDBC driver [org.postgresql.Driver] but failed to unregister it when the web application was stopped. To prevent a memory leak, the JDBC Driver has been forcibly unregistered.
10-May-2020 05:03:29.778 INFO [Thread-4] org.apache.coyote.AbstractProtocol.stop Stopping ProtocolHandler ["http-nio-8080"]
10-May-2020 05:03:29.782 INFO [Thread-4] org.apache.coyote.AbstractProtocol.destroy Destroying ProtocolHandler ["http-nio-8080"]
10-May-2020 05:33:59.003 INFO [main] org.apache.catalina.startup.VersionLoggerListener.log Server version name:   Apache Tomcat/9.0.34
10-May-2020 05:33:59.006 INFO [main] org.apache.catalina.startup.VersionLoggerListener.log Server built:          Apr 3 2020 12:02:52 UTC
10-May-2020 05:33:59.006 INFO [main] org.apache.catalina.startup.VersionLoggerListener.log Server version number: 9.0.34.0
10-May-2020 05:33:59.006 INFO [main] org.apache.catalina.startup.VersionLoggerListener.log OS Name:               Windows 10
10-May-2020 05:33:59.006 INFO [main] org.apache.catalina.startup.VersionLoggerListener.log OS Version:            10.0
10-May-2020 05:33:59.007 INFO [main] org.apache.catalina.startup.VersionLoggerListener.log Architecture:          amd64
10-May-2020 05:33:59.007 INFO [main] org.apache.catalina.startup.VersionLoggerListener.log Java Home:             C:\miki\vnetcon\development\curvy\win64-jre8
10-May-2020 05:33:59.007 INFO [main] org.apache.catalina.startup.VersionLoggerListener.log JVM Version:           1.8.0_252-b09
10-May-2020 05:33:59.007 INFO [main] org.apache.catalina.startup.VersionLoggerListener.log JVM Vendor:            Amazon.com Inc.
10-May-2020 05:33:59.007 INFO [main] org.apache.catalina.startup.VersionLoggerListener.log CATALINA_BASE:         C:\miki\vnetcon\development\curvy\tomcat9
10-May-2020 05:33:59.007 INFO [main] org.apache.catalina.startup.VersionLoggerListener.log CATALINA_HOME:         C:\miki\vnetcon\development\curvy\tomcat9
10-May-2020 05:33:59.065 INFO [main] org.apache.catalina.startup.VersionLoggerListener.log Command line argument: -Djava.util.logging.config.file=C:\miki\vnetcon\development\curvy\tomcat9\conf\logging.properties
10-May-2020 05:33:59.065 INFO [main] org.apache.catalina.startup.VersionLoggerListener.log Command line argument: -Djava.util.logging.manager=org.apache.juli.ClassLoaderLogManager
10-May-2020 05:33:59.066 INFO [main] org.apache.catalina.startup.VersionLoggerListener.log Command line argument: -Djdk.tls.ephemeralDHKeySize=2048
10-May-2020 05:33:59.066 INFO [main] org.apache.catalina.startup.VersionLoggerListener.log Command line argument: -Djava.protocol.handler.pkgs=org.apache.catalina.webresources
10-May-2020 05:33:59.066 INFO [main] org.apache.catalina.startup.VersionLoggerListener.log Command line argument: -Dignore.endorsed.dirs=
10-May-2020 05:33:59.067 INFO [main] org.apache.catalina.startup.VersionLoggerListener.log Command line argument: -Dcatalina.base=C:\miki\vnetcon\development\curvy\tomcat9
10-May-2020 05:33:59.069 INFO [main] org.apache.catalina.startup.VersionLoggerListener.log Command line argument: -Dcatalina.home=C:\miki\vnetcon\development\curvy\tomcat9
10-May-2020 05:33:59.070 INFO [main] org.apache.catalina.startup.VersionLoggerListener.log Command line argument: -Djava.io.tmpdir=C:\miki\vnetcon\development\curvy\tomcat9\temp
10-May-2020 05:33:59.071 INFO [main] org.apache.catalina.core.AprLifecycleListener.lifecycleEvent The APR based Apache Tomcat Native library which allows optimal performance in production environments was not found on the java.library.path: [C:\miki\vnetcon\development\curvy\win64-jre8\bin;C:\WINDOWS\Sun\Java\bin;C:\WINDOWS\system32;C:\WINDOWS;win64-jre8\bin;win64-jre8\bin;win64-jre8\bin;.\win64-jre8\bin;C:\Program Files\AdoptOpenJDK\jdk-8.0.242.08-hotspot\bin;C:\miki\oracle\WINDOWS.X64_193000_db_home\bin;C:\Program Files (x86)\Common Files\Oracle\Java\javapath;C:\Windows\system32;C:\Windows;C:\Windows\System32\Wbem;C:\Windows\System32\WindowsPowerShell\v1.0\;C:\Windows\System32\OpenSSH\;C:\Program Files (x86)\NVIDIA Corporation\PhysX\Common;C:\Program Files\NVIDIA Corporation\NVIDIA NvDLISR;C:\Program Files\Intel\WiFi\bin\;C:\Program Files\Common Files\Intel\WirelessCommon\;C:\Program Files\dotnet\;C:\Program Files\Microsoft SQL Server\130\Tools\Binn\;C:\Program Files\Microsoft SQL Server\Client SDK\ODBC\170\Tools\Binn\;C:\Program Files\PuTTY\;C:\WINDOWS\system32;C:\WINDOWS;C:\WINDOWS\System32\Wbem;C:\WINDOWS\System32\WindowsPowerShell\v1.0\;C:\WINDOWS\System32\OpenSSH\;C:\Program Files (x86)\Microsoft SQL Server\150\Tools\Binn\;C:\Program Files\Microsoft SQL Server\150\Tools\Binn\;C:\Program Files\Microsoft SQL Server\150\DTS\Binn\;C:\Program Files (x86)\Microsoft SQL Server\150\DTS\Binn\;C:\HashiCorp\Vagrant\bin;C:\Program Files\Git\cmd;C:\Users\35840\AppData\Local\Microsoft\WindowsApps;C:\Users\35840\.dotnet\tools;C:\Users\35840\AppData\Local\Microsoft\WindowsApps;;C:\Users\35840\AppData\Local\Programs\Microsoft VS Code\bin;.]
10-May-2020 05:33:59.435 INFO [main] org.apache.coyote.AbstractProtocol.init Initializing ProtocolHandler ["http-nio-8080"]
10-May-2020 05:34:01.926 INFO [main] org.apache.catalina.startup.Catalina.load Server initialization in [3,145] milliseconds
10-May-2020 05:34:01.954 INFO [main] org.apache.catalina.core.StandardService.startInternal Starting service [Catalina]
10-May-2020 05:34:01.956 INFO [main] org.apache.catalina.core.StandardEngine.startInternal Starting Servlet engine: [Apache Tomcat/9.0.34]
10-May-2020 05:34:01.982 INFO [main] org.apache.catalina.startup.HostConfig.deployWAR Deploying web application archive [C:\miki\vnetcon\development\curvy\tomcat9\webapps\curvy.war]
10-May-2020 05:34:02.600 INFO [main] org.apache.jasper.servlet.TldScanner.scanJars At least one JAR was scanned for TLDs yet contained no TLDs. Enable debug logging for this logger for a complete list of JARs that were scanned but no TLDs were found in them. Skipping unneeded JARs during scanning can improve startup time and JSP compilation time.
10-May-2020 05:34:02.636 INFO [main] org.apache.catalina.startup.HostConfig.deployWAR Deployment of web application archive [C:\miki\vnetcon\development\curvy\tomcat9\webapps\curvy.war] has finished in [654] ms
10-May-2020 05:34:02.651 INFO [main] org.apache.catalina.startup.HostConfig.deployDirectory Deploying web application directory [C:\miki\vnetcon\development\curvy\tomcat9\webapps\ROOT]
10-May-2020 05:34:02.685 INFO [main] org.apache.catalina.startup.HostConfig.deployDirectory Deployment of web application directory [C:\miki\vnetcon\development\curvy\tomcat9\webapps\ROOT] has finished in [35] ms
10-May-2020 05:34:02.690 INFO [main] org.apache.coyote.AbstractProtocol.start Starting ProtocolHandler ["http-nio-8080"]
10-May-2020 05:34:02.703 INFO [main] org.apache.catalina.startup.Catalina.start Server startup in [777] milliseconds
10-May-2020 05:34:17.850 INFO [Thread-4] org.apache.coyote.AbstractProtocol.pause Pausing ProtocolHandler ["http-nio-8080"]
10-May-2020 05:34:18.164 INFO [Thread-4] org.apache.catalina.core.StandardService.stopInternal Stopping service [Catalina]
10-May-2020 05:34:18.183 INFO [Thread-4] org.apache.coyote.AbstractProtocol.stop Stopping ProtocolHandler ["http-nio-8080"]
10-May-2020 05:34:18.189 INFO [Thread-4] org.apache.coyote.AbstractProtocol.destroy Destroying ProtocolHandler ["http-nio-8080"]
10-May-2020 05:34:30.443 INFO [main] org.apache.catalina.startup.VersionLoggerListener.log Server version name:   Apache Tomcat/9.0.34
10-May-2020 05:34:30.444 INFO [main] org.apache.catalina.startup.VersionLoggerListener.log Server built:          Apr 3 2020 12:02:52 UTC
10-May-2020 05:34:30.444 INFO [main] org.apache.catalina.startup.VersionLoggerListener.log Server version number: 9.0.34.0
10-May-2020 05:34:30.444 INFO [main] org.apache.catalina.startup.VersionLoggerListener.log OS Name:               Windows 10
10-May-2020 05:34:30.445 INFO [main] org.apache.catalina.startup.VersionLoggerListener.log OS Version:            10.0
10-May-2020 05:34:30.446 INFO [main] org.apache.catalina.startup.VersionLoggerListener.log Architecture:          amd64
10-May-2020 05:34:30.446 INFO [main] org.apache.catalina.startup.VersionLoggerListener.log Java Home:             C:\miki\vnetcon\development\curvy\win64-jre8
10-May-2020 05:34:30.446 INFO [main] org.apache.catalina.startup.VersionLoggerListener.log JVM Version:           1.8.0_252-b09
10-May-2020 05:34:30.446 INFO [main] org.apache.catalina.startup.VersionLoggerListener.log JVM Vendor:            Amazon.com Inc.
10-May-2020 05:34:30.446 INFO [main] org.apache.catalina.startup.VersionLoggerListener.log CATALINA_BASE:         C:\miki\vnetcon\development\curvy\tomcat9
10-May-2020 05:34:30.447 INFO [main] org.apache.catalina.startup.VersionLoggerListener.log CATALINA_HOME:         C:\miki\vnetcon\development\curvy\tomcat9
10-May-2020 05:34:30.447 INFO [main] org.apache.catalina.startup.VersionLoggerListener.log Command line argument: -Djava.util.logging.config.file=C:\miki\vnetcon\development\curvy\tomcat9\conf\logging.properties
10-May-2020 05:34:30.447 INFO [main] org.apache.catalina.startup.VersionLoggerListener.log Command line argument: -Djava.util.logging.manager=org.apache.juli.ClassLoaderLogManager
10-May-2020 05:34:30.447 INFO [main] org.apache.catalina.startup.VersionLoggerListener.log Command line argument: -Djdk.tls.ephemeralDHKeySize=2048
10-May-2020 05:34:30.447 INFO [main] org.apache.catalina.startup.VersionLoggerListener.log Command line argument: -Djava.protocol.handler.pkgs=org.apache.catalina.webresources
10-May-2020 05:34:30.448 INFO [main] org.apache.catalina.startup.VersionLoggerListener.log Command line argument: -Dignore.endorsed.dirs=
10-May-2020 05:34:30.448 INFO [main] org.apache.catalina.startup.VersionLoggerListener.log Command line argument: -Dcatalina.base=C:\miki\vnetcon\development\curvy\tomcat9
10-May-2020 05:34:30.449 INFO [main] org.apache.catalina.startup.VersionLoggerListener.log Command line argument: -Dcatalina.home=C:\miki\vnetcon\development\curvy\tomcat9
10-May-2020 05:34:30.449 INFO [main] org.apache.catalina.startup.VersionLoggerListener.log Command line argument: -Djava.io.tmpdir=C:\miki\vnetcon\development\curvy\tomcat9\temp
10-May-2020 05:34:30.450 INFO [main] org.apache.catalina.core.AprLifecycleListener.lifecycleEvent The APR based Apache Tomcat Native library which allows optimal performance in production environments was not found on the java.library.path: [C:\miki\vnetcon\development\curvy\win64-jre8\bin;C:\WINDOWS\Sun\Java\bin;C:\WINDOWS\system32;C:\WINDOWS;win64-jre8\bin;C:\Program Files\AdoptOpenJDK\jdk-8.0.242.08-hotspot\bin;C:\miki\oracle\WINDOWS.X64_193000_db_home\bin;C:\Program Files (x86)\Common Files\Oracle\Java\javapath;C:\Windows\system32;C:\Windows;C:\Windows\System32\Wbem;C:\Windows\System32\WindowsPowerShell\v1.0\;C:\Windows\System32\OpenSSH\;C:\Program Files (x86)\NVIDIA Corporation\PhysX\Common;C:\Program Files\NVIDIA Corporation\NVIDIA NvDLISR;C:\Program Files\Intel\WiFi\bin\;C:\Program Files\Common Files\Intel\WirelessCommon\;C:\Program Files\dotnet\;C:\Program Files\Microsoft SQL Server\130\Tools\Binn\;C:\Program Files\Microsoft SQL Server\Client SDK\ODBC\170\Tools\Binn\;C:\Program Files\PuTTY\;C:\WINDOWS\system32;C:\WINDOWS;C:\WINDOWS\System32\Wbem;C:\WINDOWS\System32\WindowsPowerShell\v1.0\;C:\WINDOWS\System32\OpenSSH\;C:\Program Files (x86)\Microsoft SQL Server\150\Tools\Binn\;C:\Program Files\Microsoft SQL Server\150\Tools\Binn\;C:\Program Files\Microsoft SQL Server\150\DTS\Binn\;C:\Program Files (x86)\Microsoft SQL Server\150\DTS\Binn\;C:\HashiCorp\Vagrant\bin;C:\Program Files\Git\cmd;C:\Users\35840\AppData\Local\Microsoft\WindowsApps;C:\Users\35840\.dotnet\tools;C:\Users\35840\AppData\Local\Microsoft\WindowsApps;;C:\Users\35840\AppData\Local\Programs\Microsoft VS Code\bin;.]
10-May-2020 05:34:30.677 INFO [main] org.apache.coyote.AbstractProtocol.init Initializing ProtocolHandler ["http-nio-8080"]
10-May-2020 05:34:31.074 INFO [main] org.apache.catalina.startup.Catalina.load Server initialization in [786] milliseconds
10-May-2020 05:34:31.108 INFO [main] org.apache.catalina.core.StandardService.startInternal Starting service [Catalina]
10-May-2020 05:34:31.108 INFO [main] org.apache.catalina.core.StandardEngine.startInternal Starting Servlet engine: [Apache Tomcat/9.0.34]
10-May-2020 05:34:31.133 INFO [main] org.apache.catalina.startup.HostConfig.deployWAR Deploying web application archive [C:\miki\vnetcon\development\curvy\tomcat9\webapps\curvy.war]
10-May-2020 05:34:31.748 INFO [main] org.apache.jasper.servlet.TldScanner.scanJars At least one JAR was scanned for TLDs yet contained no TLDs. Enable debug logging for this logger for a complete list of JARs that were scanned but no TLDs were found in them. Skipping unneeded JARs during scanning can improve startup time and JSP compilation time.
10-May-2020 05:34:31.825 INFO [main] org.apache.catalina.startup.HostConfig.deployWAR Deployment of web application archive [C:\miki\vnetcon\development\curvy\tomcat9\webapps\curvy.war] has finished in [692] ms
10-May-2020 05:34:31.827 INFO [main] org.apache.catalina.startup.HostConfig.deployDirectory Deploying web application directory [C:\miki\vnetcon\development\curvy\tomcat9\webapps\ROOT]
10-May-2020 05:34:31.863 INFO [main] org.apache.catalina.startup.HostConfig.deployDirectory Deployment of web application directory [C:\miki\vnetcon\development\curvy\tomcat9\webapps\ROOT] has finished in [36] ms
10-May-2020 05:34:31.869 INFO [main] org.apache.coyote.AbstractProtocol.start Starting ProtocolHandler ["http-nio-8080"]
10-May-2020 05:34:31.885 INFO [main] org.apache.catalina.startup.Catalina.start Server startup in [809] milliseconds
10-May-2020 05:34:34.751 INFO [Thread-4] org.apache.coyote.AbstractProtocol.pause Pausing ProtocolHandler ["http-nio-8080"]
10-May-2020 05:34:35.161 INFO [Thread-4] org.apache.catalina.core.StandardService.stopInternal Stopping service [Catalina]
10-May-2020 05:34:35.181 INFO [Thread-4] org.apache.coyote.AbstractProtocol.stop Stopping ProtocolHandler ["http-nio-8080"]
10-May-2020 05:34:35.186 INFO [Thread-4] org.apache.coyote.AbstractProtocol.destroy Destroying ProtocolHandler ["http-nio-8080"]
10-May-2020 06:17:54.774 INFO [main] org.apache.catalina.startup.VersionLoggerListener.log Server version name:   Apache Tomcat/9.0.34
10-May-2020 06:17:54.777 INFO [main] org.apache.catalina.startup.VersionLoggerListener.log Server built:          Apr 3 2020 12:02:52 UTC
10-May-2020 06:17:54.777 INFO [main] org.apache.catalina.startup.VersionLoggerListener.log Server version number: 9.0.34.0
10-May-2020 06:17:54.777 INFO [main] org.apache.catalina.startup.VersionLoggerListener.log OS Name:               Windows 10
10-May-2020 06:17:54.777 INFO [main] org.apache.catalina.startup.VersionLoggerListener.log OS Version:            10.0
10-May-2020 06:17:54.777 INFO [main] org.apache.catalina.startup.VersionLoggerListener.log Architecture:          amd64
10-May-2020 06:17:54.777 INFO [main] org.apache.catalina.startup.VersionLoggerListener.log Java Home:             C:\miki\vnetcon\development\curvy\win64-jre8
10-May-2020 06:17:54.778 INFO [main] org.apache.catalina.startup.VersionLoggerListener.log JVM Version:           1.8.0_252-b09
10-May-2020 06:17:54.778 INFO [main] org.apache.catalina.startup.VersionLoggerListener.log JVM Vendor:            Amazon.com Inc.
10-May-2020 06:17:54.778 INFO [main] org.apache.catalina.startup.VersionLoggerListener.log CATALINA_BASE:         C:\miki\vnetcon\development\curvy\tomcat9
10-May-2020 06:17:54.778 INFO [main] org.apache.catalina.startup.VersionLoggerListener.log CATALINA_HOME:         C:\miki\vnetcon\development\curvy\tomcat9
10-May-2020 06:17:54.779 INFO [main] org.apache.catalina.startup.VersionLoggerListener.log Command line argument: -Djava.util.logging.config.file=C:\miki\vnetcon\development\curvy\tomcat9\conf\logging.properties
10-May-2020 06:17:54.781 INFO [main] org.apache.catalina.startup.VersionLoggerListener.log Command line argument: -Djava.util.logging.manager=org.apache.juli.ClassLoaderLogManager
10-May-2020 06:17:54.782 INFO [main] org.apache.catalina.startup.VersionLoggerListener.log Command line argument: -Djdk.tls.ephemeralDHKeySize=2048
10-May-2020 06:17:54.782 INFO [main] org.apache.catalina.startup.VersionLoggerListener.log Command line argument: -Djava.protocol.handler.pkgs=org.apache.catalina.webresources
10-May-2020 06:17:54.782 INFO [main] org.apache.catalina.startup.VersionLoggerListener.log Command line argument: -Dignore.endorsed.dirs=
10-May-2020 06:17:54.782 INFO [main] org.apache.catalina.startup.VersionLoggerListener.log Command line argument: -Dcatalina.base=C:\miki\vnetcon\development\curvy\tomcat9
10-May-2020 06:17:54.785 INFO [main] org.apache.catalina.startup.VersionLoggerListener.log Command line argument: -Dcatalina.home=C:\miki\vnetcon\development\curvy\tomcat9
10-May-2020 06:17:54.785 INFO [main] org.apache.catalina.startup.VersionLoggerListener.log Command line argument: -Djava.io.tmpdir=C:\miki\vnetcon\development\curvy\tomcat9\temp
10-May-2020 06:17:54.786 INFO [main] org.apache.catalina.core.AprLifecycleListener.lifecycleEvent The APR based Apache Tomcat Native library which allows optimal performance in production environments was not found on the java.library.path: [C:\miki\vnetcon\development\curvy\win64-jre8\bin;C:\WINDOWS\Sun\Java\bin;C:\WINDOWS\system32;C:\WINDOWS;win64-jre8\bin;C:\Program Files\AdoptOpenJDK\jdk-8.0.242.08-hotspot\bin;C:\miki\oracle\WINDOWS.X64_193000_db_home\bin;C:\Program Files (x86)\Common Files\Oracle\Java\javapath;C:\Windows\system32;C:\Windows;C:\Windows\System32\Wbem;C:\Windows\System32\WindowsPowerShell\v1.0\;C:\Windows\System32\OpenSSH\;C:\Program Files (x86)\NVIDIA Corporation\PhysX\Common;C:\Program Files\NVIDIA Corporation\NVIDIA NvDLISR;C:\Program Files\Intel\WiFi\bin\;C:\Program Files\Common Files\Intel\WirelessCommon\;C:\Program Files\dotnet\;C:\Program Files\Microsoft SQL Server\130\Tools\Binn\;C:\Program Files\Microsoft SQL Server\Client SDK\ODBC\170\Tools\Binn\;C:\Program Files\PuTTY\;C:\WINDOWS\system32;C:\WINDOWS;C:\WINDOWS\System32\Wbem;C:\WINDOWS\System32\WindowsPowerShell\v1.0\;C:\WINDOWS\System32\OpenSSH\;C:\Program Files (x86)\Microsoft SQL Server\150\Tools\Binn\;C:\Program Files\Microsoft SQL Server\150\Tools\Binn\;C:\Program Files\Microsoft SQL Server\150\DTS\Binn\;C:\Program Files (x86)\Microsoft SQL Server\150\DTS\Binn\;C:\HashiCorp\Vagrant\bin;C:\Program Files\Git\cmd;C:\Users\35840\AppData\Local\Microsoft\WindowsApps;C:\Users\35840\.dotnet\tools;C:\Users\35840\AppData\Local\Microsoft\WindowsApps;;C:\Users\35840\AppData\Local\Programs\Microsoft VS Code\bin;.]
10-May-2020 06:17:55.129 INFO [main] org.apache.coyote.AbstractProtocol.init Initializing ProtocolHandler ["http-nio-8080"]
10-May-2020 06:17:55.600 INFO [main] org.apache.catalina.startup.Catalina.load Server initialization in [1,030] milliseconds
10-May-2020 06:17:55.626 INFO [main] org.apache.catalina.core.StandardService.startInternal Starting service [Catalina]
10-May-2020 06:17:55.626 INFO [main] org.apache.catalina.core.StandardEngine.startInternal Starting Servlet engine: [Apache Tomcat/9.0.34]
10-May-2020 06:17:55.648 INFO [main] org.apache.catalina.startup.HostConfig.deployWAR Deploying web application archive [C:\miki\vnetcon\development\curvy\tomcat9\webapps\curvy.war]
10-May-2020 06:17:56.342 INFO [main] org.apache.jasper.servlet.TldScanner.scanJars At least one JAR was scanned for TLDs yet contained no TLDs. Enable debug logging for this logger for a complete list of JARs that were scanned but no TLDs were found in them. Skipping unneeded JARs during scanning can improve startup time and JSP compilation time.
10-May-2020 06:17:56.387 INFO [main] org.apache.catalina.startup.HostConfig.deployWAR Deployment of web application archive [C:\miki\vnetcon\development\curvy\tomcat9\webapps\curvy.war] has finished in [739] ms
10-May-2020 06:17:56.391 INFO [main] org.apache.catalina.startup.HostConfig.deployDirectory Deploying web application directory [C:\miki\vnetcon\development\curvy\tomcat9\webapps\ROOT]
10-May-2020 06:17:56.428 INFO [main] org.apache.catalina.startup.HostConfig.deployDirectory Deployment of web application directory [C:\miki\vnetcon\development\curvy\tomcat9\webapps\ROOT] has finished in [36] ms
10-May-2020 06:17:56.433 INFO [main] org.apache.coyote.AbstractProtocol.start Starting ProtocolHandler ["http-nio-8080"]
10-May-2020 06:17:56.450 INFO [main] org.apache.catalina.startup.Catalina.start Server startup in [850] milliseconds
10-May-2020 06:49:13.009 INFO [Thread-4] org.apache.coyote.AbstractProtocol.pause Pausing ProtocolHandler ["http-nio-8080"]
10-May-2020 06:49:13.291 INFO [Thread-4] org.apache.catalina.core.StandardService.stopInternal Stopping service [Catalina]
10-May-2020 06:49:13.321 WARNING [Thread-4] org.apache.catalina.loader.WebappClassLoaderBase.clearReferencesJdbc The web application [curvy] registered the JDBC driver [com.vnetcon.jdbc.rest.RestDriver] but failed to unregister it when the web application was stopped. To prevent a memory leak, the JDBC Driver has been forcibly unregistered.
10-May-2020 06:49:13.321 WARNING [Thread-4] org.apache.catalina.loader.WebappClassLoaderBase.clearReferencesJdbc The web application [curvy] registered the JDBC driver [org.postgresql.Driver] but failed to unregister it when the web application was stopped. To prevent a memory leak, the JDBC Driver has been forcibly unregistered.
10-May-2020 06:49:13.326 INFO [Thread-4] org.apache.coyote.AbstractProtocol.stop Stopping ProtocolHandler ["http-nio-8080"]
10-May-2020 06:49:13.329 INFO [Thread-4] org.apache.coyote.AbstractProtocol.destroy Destroying ProtocolHandler ["http-nio-8080"]
10-May-2020 06:53:05.824 INFO [main] org.apache.catalina.startup.VersionLoggerListener.log Server version name:   Apache Tomcat/9.0.34
10-May-2020 06:53:05.827 INFO [main] org.apache.catalina.startup.VersionLoggerListener.log Server built:          Apr 3 2020 12:02:52 UTC
10-May-2020 06:53:05.827 INFO [main] org.apache.catalina.startup.VersionLoggerListener.log Server version number: 9.0.34.0
10-May-2020 06:53:05.827 INFO [main] org.apache.catalina.startup.VersionLoggerListener.log OS Name:               Windows 10
10-May-2020 06:53:05.828 INFO [main] org.apache.catalina.startup.VersionLoggerListener.log OS Version:            10.0
10-May-2020 06:53:05.828 INFO [main] org.apache.catalina.startup.VersionLoggerListener.log Architecture:          amd64
10-May-2020 06:53:05.828 INFO [main] org.apache.catalina.startup.VersionLoggerListener.log Java Home:             C:\miki\vnetcon\development\curvy\win64-jre8
10-May-2020 06:53:05.828 INFO [main] org.apache.catalina.startup.VersionLoggerListener.log JVM Version:           1.8.0_252-b09
10-May-2020 06:53:05.828 INFO [main] org.apache.catalina.startup.VersionLoggerListener.log JVM Vendor:            Amazon.com Inc.
10-May-2020 06:53:05.828 INFO [main] org.apache.catalina.startup.VersionLoggerListener.log CATALINA_BASE:         C:\miki\vnetcon\development\curvy\tomcat9
10-May-2020 06:53:05.829 INFO [main] org.apache.catalina.startup.VersionLoggerListener.log CATALINA_HOME:         C:\miki\vnetcon\development\curvy\tomcat9
10-May-2020 06:53:05.829 INFO [main] org.apache.catalina.startup.VersionLoggerListener.log Command line argument: -Djava.util.logging.config.file=C:\miki\vnetcon\development\curvy\tomcat9\conf\logging.properties
10-May-2020 06:53:05.830 INFO [main] org.apache.catalina.startup.VersionLoggerListener.log Command line argument: -Djava.util.logging.manager=org.apache.juli.ClassLoaderLogManager
10-May-2020 06:53:05.830 INFO [main] org.apache.catalina.startup.VersionLoggerListener.log Command line argument: -Djdk.tls.ephemeralDHKeySize=2048
10-May-2020 06:53:05.830 INFO [main] org.apache.catalina.startup.VersionLoggerListener.log Command line argument: -Djava.protocol.handler.pkgs=org.apache.catalina.webresources
10-May-2020 06:53:05.830 INFO [main] org.apache.catalina.startup.VersionLoggerListener.log Command line argument: -Dignore.endorsed.dirs=
10-May-2020 06:53:05.831 INFO [main] org.apache.catalina.startup.VersionLoggerListener.log Command line argument: -Dcatalina.base=C:\miki\vnetcon\development\curvy\tomcat9
10-May-2020 06:53:05.831 INFO [main] org.apache.catalina.startup.VersionLoggerListener.log Command line argument: -Dcatalina.home=C:\miki\vnetcon\development\curvy\tomcat9
10-May-2020 06:53:05.832 INFO [main] org.apache.catalina.startup.VersionLoggerListener.log Command line argument: -Djava.io.tmpdir=C:\miki\vnetcon\development\curvy\tomcat9\temp
10-May-2020 06:53:05.833 INFO [main] org.apache.catalina.core.AprLifecycleListener.lifecycleEvent The APR based Apache Tomcat Native library which allows optimal performance in production environments was not found on the java.library.path: [C:\miki\vnetcon\development\curvy\win64-jre8\bin;C:\WINDOWS\Sun\Java\bin;C:\WINDOWS\system32;C:\WINDOWS;win64-jre8\bin;C:\Program Files\AdoptOpenJDK\jdk-8.0.242.08-hotspot\bin;C:\miki\oracle\WINDOWS.X64_193000_db_home\bin;C:\Program Files (x86)\Common Files\Oracle\Java\javapath;C:\Windows\system32;C:\Windows;C:\Windows\System32\Wbem;C:\Windows\System32\WindowsPowerShell\v1.0\;C:\Windows\System32\OpenSSH\;C:\Program Files (x86)\NVIDIA Corporation\PhysX\Common;C:\Program Files\NVIDIA Corporation\NVIDIA NvDLISR;C:\Program Files\Intel\WiFi\bin\;C:\Program Files\Common Files\Intel\WirelessCommon\;C:\Program Files\dotnet\;C:\Program Files\Microsoft SQL Server\130\Tools\Binn\;C:\Program Files\Microsoft SQL Server\Client SDK\ODBC\170\Tools\Binn\;C:\Program Files\PuTTY\;C:\WINDOWS\system32;C:\WINDOWS;C:\WINDOWS\System32\Wbem;C:\WINDOWS\System32\WindowsPowerShell\v1.0\;C:\WINDOWS\System32\OpenSSH\;C:\Program Files (x86)\Microsoft SQL Server\150\Tools\Binn\;C:\Program Files\Microsoft SQL Server\150\Tools\Binn\;C:\Program Files\Microsoft SQL Server\150\DTS\Binn\;C:\Program Files (x86)\Microsoft SQL Server\150\DTS\Binn\;C:\HashiCorp\Vagrant\bin;C:\Program Files\Git\cmd;C:\Users\35840\AppData\Local\Microsoft\WindowsApps;C:\Users\35840\.dotnet\tools;C:\Users\35840\AppData\Local\Microsoft\WindowsApps;;C:\Users\35840\AppData\Local\Programs\Microsoft VS Code\bin;.]
10-May-2020 06:53:06.140 INFO [main] org.apache.coyote.AbstractProtocol.init Initializing ProtocolHandler ["http-nio-8080"]
10-May-2020 06:53:06.722 INFO [main] org.apache.catalina.startup.Catalina.load Server initialization in [1,131] milliseconds
10-May-2020 06:53:06.755 INFO [main] org.apache.catalina.core.StandardService.startInternal Starting service [Catalina]
10-May-2020 06:53:06.755 INFO [main] org.apache.catalina.core.StandardEngine.startInternal Starting Servlet engine: [Apache Tomcat/9.0.34]
10-May-2020 06:53:06.782 INFO [main] org.apache.catalina.startup.HostConfig.deployWAR Deploying web application archive [C:\miki\vnetcon\development\curvy\tomcat9\webapps\curvy.war]
10-May-2020 06:53:07.493 INFO [main] org.apache.jasper.servlet.TldScanner.scanJars At least one JAR was scanned for TLDs yet contained no TLDs. Enable debug logging for this logger for a complete list of JARs that were scanned but no TLDs were found in them. Skipping unneeded JARs during scanning can improve startup time and JSP compilation time.
10-May-2020 06:53:07.602 INFO [main] org.apache.catalina.startup.HostConfig.deployWAR Deployment of web application archive [C:\miki\vnetcon\development\curvy\tomcat9\webapps\curvy.war] has finished in [819] ms
10-May-2020 06:53:07.604 INFO [main] org.apache.catalina.startup.HostConfig.deployDirectory Deploying web application directory [C:\miki\vnetcon\development\curvy\tomcat9\webapps\ROOT]
10-May-2020 06:53:07.647 INFO [main] org.apache.catalina.startup.HostConfig.deployDirectory Deployment of web application directory [C:\miki\vnetcon\development\curvy\tomcat9\webapps\ROOT] has finished in [42] ms
10-May-2020 06:53:07.653 INFO [main] org.apache.coyote.AbstractProtocol.start Starting ProtocolHandler ["http-nio-8080"]
10-May-2020 06:53:07.668 INFO [main] org.apache.catalina.startup.Catalina.start Server startup in [944] milliseconds
10-May-2020 07:12:08.483 INFO [Catalina-utility-1] org.apache.catalina.startup.HostConfig.undeploy Undeploying context [/curvy]
10-May-2020 07:12:08.495 WARNING [Catalina-utility-1] org.apache.catalina.loader.WebappClassLoaderBase.clearReferencesJdbc The web application [curvy] registered the JDBC driver [com.vnetcon.jdbc.rest.RestDriver] but failed to unregister it when the web application was stopped. To prevent a memory leak, the JDBC Driver has been forcibly unregistered.
10-May-2020 07:12:08.539 INFO [Catalina-utility-1] org.apache.catalina.startup.HostConfig.deployWAR Deploying web application archive [C:\miki\vnetcon\development\curvy\tomcat9\webapps\curvy.war]
10-May-2020 07:12:09.185 INFO [Catalina-utility-1] org.apache.jasper.servlet.TldScanner.scanJars At least one JAR was scanned for TLDs yet contained no TLDs. Enable debug logging for this logger for a complete list of JARs that were scanned but no TLDs were found in them. Skipping unneeded JARs during scanning can improve startup time and JSP compilation time.
10-May-2020 07:12:09.191 INFO [Catalina-utility-1] org.apache.catalina.startup.HostConfig.deployWAR Deployment of web application archive [C:\miki\vnetcon\development\curvy\tomcat9\webapps\curvy.war] has finished in [651] ms
10-May-2020 09:13:13.039 INFO [Thread-4] org.apache.coyote.AbstractProtocol.pause Pausing ProtocolHandler ["http-nio-8080"]
10-May-2020 09:13:13.402 INFO [Thread-4] org.apache.catalina.core.StandardService.stopInternal Stopping service [Catalina]
10-May-2020 09:13:13.458 WARNING [Thread-4] org.apache.catalina.loader.WebappClassLoaderBase.clearReferencesJdbc The web application [curvy] registered the JDBC driver [com.vnetcon.jdbc.rest.RestDriver] but failed to unregister it when the web application was stopped. To prevent a memory leak, the JDBC Driver has been forcibly unregistered.
10-May-2020 09:13:13.458 WARNING [Thread-4] org.apache.catalina.loader.WebappClassLoaderBase.clearReferencesJdbc The web application [curvy] registered the JDBC driver [org.postgresql.Driver] but failed to unregister it when the web application was stopped. To prevent a memory leak, the JDBC Driver has been forcibly unregistered.
10-May-2020 09:13:13.467 INFO [Thread-4] org.apache.coyote.AbstractProtocol.stop Stopping ProtocolHandler ["http-nio-8080"]
10-May-2020 09:13:13.485 INFO [Thread-4] org.apache.coyote.AbstractProtocol.destroy Destroying ProtocolHandler ["http-nio-8080"]
10-May-2020 09:13:50.712 INFO [main] org.apache.catalina.startup.VersionLoggerListener.log Server version name:   Apache Tomcat/9.0.34
10-May-2020 09:13:50.718 INFO [main] org.apache.catalina.startup.VersionLoggerListener.log Server built:          Apr 3 2020 12:02:52 UTC
10-May-2020 09:13:50.718 INFO [main] org.apache.catalina.startup.VersionLoggerListener.log Server version number: 9.0.34.0
10-May-2020 09:13:50.718 INFO [main] org.apache.catalina.startup.VersionLoggerListener.log OS Name:               Windows 10
10-May-2020 09:13:50.719 INFO [main] org.apache.catalina.startup.VersionLoggerListener.log OS Version:            10.0
10-May-2020 09:13:50.719 INFO [main] org.apache.catalina.startup.VersionLoggerListener.log Architecture:          amd64
10-May-2020 09:13:50.719 INFO [main] org.apache.catalina.startup.VersionLoggerListener.log Java Home:             C:\miki\vnetcon\development\curvy\win64-jre8
10-May-2020 09:13:50.719 INFO [main] org.apache.catalina.startup.VersionLoggerListener.log JVM Version:           1.8.0_252-b09
10-May-2020 09:13:50.719 INFO [main] org.apache.catalina.startup.VersionLoggerListener.log JVM Vendor:            Amazon.com Inc.
10-May-2020 09:13:50.719 INFO [main] org.apache.catalina.startup.VersionLoggerListener.log CATALINA_BASE:         C:\miki\vnetcon\development\curvy\tomcat9
10-May-2020 09:13:50.720 INFO [main] org.apache.catalina.startup.VersionLoggerListener.log CATALINA_HOME:         C:\miki\vnetcon\development\curvy\tomcat9
10-May-2020 09:13:50.726 INFO [main] org.apache.catalina.startup.VersionLoggerListener.log Command line argument: -Djava.util.logging.config.file=C:\miki\vnetcon\development\curvy\tomcat9\conf\logging.properties
10-May-2020 09:13:50.727 INFO [main] org.apache.catalina.startup.VersionLoggerListener.log Command line argument: -Djava.util.logging.manager=org.apache.juli.ClassLoaderLogManager
10-May-2020 09:13:50.729 INFO [main] org.apache.catalina.startup.VersionLoggerListener.log Command line argument: -Djdk.tls.ephemeralDHKeySize=2048
10-May-2020 09:13:50.729 INFO [main] org.apache.catalina.startup.VersionLoggerListener.log Command line argument: -Djava.protocol.handler.pkgs=org.apache.catalina.webresources
10-May-2020 09:13:50.730 INFO [main] org.apache.catalina.startup.VersionLoggerListener.log Command line argument: -Dignore.endorsed.dirs=
10-May-2020 09:13:50.730 INFO [main] org.apache.catalina.startup.VersionLoggerListener.log Command line argument: -Dcatalina.base=C:\miki\vnetcon\development\curvy\tomcat9
10-May-2020 09:13:50.731 INFO [main] org.apache.catalina.startup.VersionLoggerListener.log Command line argument: -Dcatalina.home=C:\miki\vnetcon\development\curvy\tomcat9
10-May-2020 09:13:50.735 INFO [main] org.apache.catalina.startup.VersionLoggerListener.log Command line argument: -Djava.io.tmpdir=C:\miki\vnetcon\development\curvy\tomcat9\temp
10-May-2020 09:13:50.736 INFO [main] org.apache.catalina.core.AprLifecycleListener.lifecycleEvent The APR based Apache Tomcat Native library which allows optimal performance in production environments was not found on the java.library.path: [C:\miki\vnetcon\development\curvy\win64-jre8\bin;C:\WINDOWS\Sun\Java\bin;C:\WINDOWS\system32;C:\WINDOWS;win64-jre8\bin;C:\Program Files\AdoptOpenJDK\jdk-8.0.242.08-hotspot\bin;C:\miki\oracle\WINDOWS.X64_193000_db_home\bin;C:\Program Files (x86)\Common Files\Oracle\Java\javapath;C:\Windows\system32;C:\Windows;C:\Windows\System32\Wbem;C:\Windows\System32\WindowsPowerShell\v1.0\;C:\Windows\System32\OpenSSH\;C:\Program Files (x86)\NVIDIA Corporation\PhysX\Common;C:\Program Files\NVIDIA Corporation\NVIDIA NvDLISR;C:\Program Files\Intel\WiFi\bin\;C:\Program Files\Common Files\Intel\WirelessCommon\;C:\Program Files\dotnet\;C:\Program Files\Microsoft SQL Server\130\Tools\Binn\;C:\Program Files\Microsoft SQL Server\Client SDK\ODBC\170\Tools\Binn\;C:\Program Files\PuTTY\;C:\WINDOWS\system32;C:\WINDOWS;C:\WINDOWS\System32\Wbem;C:\WINDOWS\System32\WindowsPowerShell\v1.0\;C:\WINDOWS\System32\OpenSSH\;C:\Program Files (x86)\Microsoft SQL Server\150\Tools\Binn\;C:\Program Files\Microsoft SQL Server\150\Tools\Binn\;C:\Program Files\Microsoft SQL Server\150\DTS\Binn\;C:\Program Files (x86)\Microsoft SQL Server\150\DTS\Binn\;C:\HashiCorp\Vagrant\bin;C:\Program Files\Git\cmd;C:\Users\35840\AppData\Local\Microsoft\WindowsApps;C:\Users\35840\.dotnet\tools;C:\Users\35840\AppData\Local\Microsoft\WindowsApps;;C:\Users\35840\AppData\Local\Programs\Microsoft VS Code\bin;.]
10-May-2020 09:13:51.184 INFO [main] org.apache.coyote.AbstractProtocol.init Initializing ProtocolHandler ["http-nio-8080"]
10-May-2020 09:13:51.671 INFO [main] org.apache.catalina.startup.Catalina.load Server initialization in [1,260] milliseconds
10-May-2020 09:13:51.709 INFO [main] org.apache.catalina.core.StandardService.startInternal Starting service [Catalina]
10-May-2020 09:13:51.710 INFO [main] org.apache.catalina.core.StandardEngine.startInternal Starting Servlet engine: [Apache Tomcat/9.0.34]
10-May-2020 09:13:51.745 INFO [main] org.apache.catalina.startup.HostConfig.deployWAR Deploying web application archive [C:\miki\vnetcon\development\curvy\tomcat9\webapps\curvy.war]
10-May-2020 09:13:52.475 INFO [main] org.apache.jasper.servlet.TldScanner.scanJars At least one JAR was scanned for TLDs yet contained no TLDs. Enable debug logging for this logger for a complete list of JARs that were scanned but no TLDs were found in them. Skipping unneeded JARs during scanning can improve startup time and JSP compilation time.
10-May-2020 09:13:52.547 INFO [main] org.apache.catalina.startup.HostConfig.deployWAR Deployment of web application archive [C:\miki\vnetcon\development\curvy\tomcat9\webapps\curvy.war] has finished in [803] ms
10-May-2020 09:13:52.548 INFO [main] org.apache.catalina.startup.HostConfig.deployDirectory Deploying web application directory [C:\miki\vnetcon\development\curvy\tomcat9\webapps\ROOT]
10-May-2020 09:13:52.576 INFO [main] org.apache.catalina.startup.HostConfig.deployDirectory Deployment of web application directory [C:\miki\vnetcon\development\curvy\tomcat9\webapps\ROOT] has finished in [28] ms
10-May-2020 09:13:52.581 INFO [main] org.apache.coyote.AbstractProtocol.start Starting ProtocolHandler ["http-nio-8080"]
10-May-2020 09:13:52.597 INFO [main] org.apache.catalina.startup.Catalina.start Server startup in [925] milliseconds
10-May-2020 09:14:15.790 INFO [Thread-4] org.apache.coyote.AbstractProtocol.pause Pausing ProtocolHandler ["http-nio-8080"]
10-May-2020 09:14:16.117 INFO [Thread-4] org.apache.catalina.core.StandardService.stopInternal Stopping service [Catalina]
10-May-2020 09:14:16.184 WARNING [Thread-4] org.apache.catalina.loader.WebappClassLoaderBase.clearReferencesJdbc The web application [curvy] registered the JDBC driver [com.vnetcon.jdbc.rest.RestDriver] but failed to unregister it when the web application was stopped. To prevent a memory leak, the JDBC Driver has been forcibly unregistered.
10-May-2020 09:14:16.185 WARNING [Thread-4] org.apache.catalina.loader.WebappClassLoaderBase.clearReferencesJdbc The web application [curvy] registered the JDBC driver [org.postgresql.Driver] but failed to unregister it when the web application was stopped. To prevent a memory leak, the JDBC Driver has been forcibly unregistered.
10-May-2020 09:14:16.188 INFO [Thread-4] org.apache.coyote.AbstractProtocol.stop Stopping ProtocolHandler ["http-nio-8080"]
10-May-2020 09:14:16.193 INFO [Thread-4] org.apache.coyote.AbstractProtocol.destroy Destroying ProtocolHandler ["http-nio-8080"]
